2018-02-06 23:13:36,468 : DEBUG : == Collecting new Tweets at 18-02-06 23:13:36 ==
2018-02-06 23:13:36,468 : DEBUG : == Writing tweets ==
2018-02-06 23:13:38,978 : INFO : Tweet Bitcoin Pr ... 
2018-02-06 23:13:39,064 : INFO : Tweet Bitcoin is ... 
2018-02-06 23:13:39,065 : INFO : Tweet Next days  ... 
2018-02-06 23:13:39,066 : INFO : Tweet #Blockchai ... 
2018-02-06 23:13:39,067 : INFO : Tweet RT @creamc ... 
2018-02-06 23:13:39,068 : INFO : Tweet RT @creamc ... 
2018-02-06 23:13:39,069 : INFO : Tweet RT @creamc ... 
2018-02-06 23:13:39,069 : INFO : Tweet RT @TheCoi ... 
2018-02-06 23:13:39,070 : INFO : Tweet RT @TheCoi ... 
2018-02-06 23:13:39,071 : INFO : Tweet RT @TheCoi ... 
2018-02-06 23:13:39,072 : INFO : Tweet RT @creamc ... 
2018-02-06 23:13:39,073 : INFO : Tweet #ADT call  ... 
2018-02-06 23:13:39,073 : INFO : Tweet RT @creamc ... 
2018-02-06 23:13:39,074 : INFO : Tweet CREAMJACK  ... 
2018-02-06 23:13:39,075 : INFO : Tweet Bitcoin's  ... 
2018-02-06 23:13:39,076 : INFO : Tweet RT @TheCoi ... 
2018-02-06 23:13:39,076 : INFO : Tweet Bobby Lees ... 
2018-02-06 23:13:39,077 : INFO : Tweet RT @TheCoi ... 
2018-02-06 23:13:39,078 : INFO : Tweet Litecoin P ... 
2018-02-06 23:13:39,079 : INFO : Tweet You can fi ... 
2018-02-06 23:13:39,080 : INFO : Tweet RT @TheCoi ... 
2018-02-06 23:13:39,081 : INFO : Tweet RT @TheCoi ... 
2018-02-06 23:13:39,082 : INFO : Tweet RT @TheCoi ... 
2018-02-06 23:13:39,083 : INFO : Tweet RT @TheCoi ... 
2018-02-06 23:13:39,084 : INFO : Tweet RT @TheCoi ... 
2018-02-06 23:13:39,085 : INFO : Tweet RT @TheCoi ... 
2018-02-06 23:13:39,086 : INFO : Tweet Venture ca ... 
2018-02-06 23:13:39,087 : INFO : Tweet Bitcoin pr ... 
2018-02-06 23:13:39,087 : INFO : Tweet Why I thin ... 
2018-02-06 23:13:39,088 : INFO : Tweet Why I thin ... 
2018-02-06 23:13:39,089 : INFO : Tweet RT @uscryp ... 
2018-02-06 23:13:39,089 : INFO : Tweet RT @Remi_V ... 
2018-02-06 23:13:39,090 : INFO : Tweet RT @Remi_V ... 
2018-02-06 23:13:39,091 : INFO : Tweet Bitcoin Pr ... 
2018-02-06 23:13:39,092 : INFO : Tweet RT @Metis_ ... 
2018-02-06 23:13:39,092 : INFO : Tweet Litecoin p ... 
2018-02-06 23:13:39,093 : INFO : Tweet #Gridcoin  ... 
2018-02-06 23:13:39,094 : INFO : Tweet Bitcoin Pr ... 
2018-02-06 23:13:39,094 : INFO : Tweet RT @Remi_V ... 
2018-02-06 23:13:39,095 : INFO : Tweet Bitcoin pr ... 
2018-02-06 23:13:39,096 : INFO : Tweet RT @Remi_V ... 
2018-02-06 23:13:39,096 : INFO : Tweet Litecoin P ... 
2018-02-06 23:13:39,097 : INFO : Tweet RT @Remi_V ... 
2018-02-06 23:13:39,098 : INFO : Tweet Cardano Pr ... 
2018-02-06 23:13:39,099 : INFO : Tweet RT @Remi_V ... 
2018-02-06 23:13:39,099 : INFO : Tweet Status Pri ... 
2018-02-06 23:13:39,100 : INFO : Tweet Ripple Pri ... 
2018-02-06 23:13:39,101 : INFO : Tweet RT @gold_t ... 
2018-02-06 23:13:39,101 : INFO : Tweet RT @Remi_V ... 
2018-02-06 23:13:39,102 : INFO : Tweet Ethereum P ... 
2018-02-06 23:13:39,103 : INFO : Tweet RT @TheCoi ... 
2018-02-06 23:13:39,103 : INFO : Tweet RT @Metis_ ... 
2018-02-06 23:13:39,104 : INFO : Tweet Bitcoin Ca ... 
2018-02-06 23:13:39,105 : INFO : Tweet RT @Metis_ ... 
2018-02-06 23:13:39,105 : INFO : Tweet RT @Metis_ ... 
2018-02-06 23:13:39,106 : INFO : Tweet RT @Metis_ ... 
2018-02-06 23:13:39,107 : INFO : Tweet RT @Metis_ ... 
2018-02-06 23:13:39,108 : INFO : Tweet RT @TheCoi ... 
2018-02-06 23:13:39,108 : INFO : Tweet $WAVES loo ... 
2018-02-06 23:13:39,109 : INFO : Tweet RT @WePowe ... 
2018-02-06 23:13:39,110 : INFO : Tweet RT @appics ... 
2018-02-06 23:13:39,111 : INFO : Tweet RT @TheCoi ... 
2018-02-06 23:13:39,112 : INFO : Tweet RT @TheCoi ... 
2018-02-06 23:13:39,113 : INFO : Tweet RT @TheCoi ... 
2018-02-06 23:13:39,114 : INFO : Tweet RT @TheCoi ... 
2018-02-06 23:13:39,114 : INFO : Tweet RT @TheCoi ... 
2018-02-06 23:13:39,115 : INFO : Tweet #Bitcoin's ... 
2018-02-06 23:13:39,116 : INFO : Tweet Bitcoin Pr ... 
2018-02-06 23:13:39,117 : INFO : Tweet #Bitcoin # ... 
2018-02-06 23:13:39,118 : INFO : Tweet What Is #B ... 
2018-02-06 23:13:39,119 : INFO : Tweet "Bitcoin P ... 
2018-02-06 23:13:39,119 : INFO : Tweet Retweets k ... 
2018-02-06 23:13:39,120 : INFO : Tweet Bitcoin pr ... 
2018-02-06 23:13:39,121 : INFO : Tweet Bitcoin pr ... 
2018-02-06 23:13:39,121 : INFO : Tweet RT @TheCoi ... 
2018-02-06 23:13:39,122 : INFO : Tweet https://t. ... 
2018-02-06 23:13:39,123 : INFO : Tweet RT @TheCoi ... 
2018-02-06 23:13:39,123 : INFO : Tweet RT @Remi_V ... 
2018-02-06 23:13:39,124 : INFO : Tweet Bitcoin Pr ... 
2018-02-06 23:13:39,125 : INFO : Tweet #Bitcoin P ... 
2018-02-06 23:13:39,125 : INFO : Tweet RT @emmahe ... 
2018-02-06 23:13:39,126 : INFO : Tweet BCH/BTC 1. ... 
2018-02-06 23:13:39,127 : INFO : Tweet Every coin ... 
2018-02-06 23:13:39,128 : INFO : Tweet RT @TheCoi ... 
2018-02-06 23:13:39,129 : INFO : Tweet RT @TheCoi ... 
2018-02-06 23:13:39,130 : INFO : Tweet RT @TheCoi ... 
2018-02-06 23:13:39,130 : INFO : Tweet RT @Crypto ... 
2018-02-06 23:13:39,131 : INFO : Tweet RT @TheCoi ... 
2018-02-06 23:13:39,132 : INFO : Tweet Bitcoin Pr ... 
2018-02-06 23:13:39,133 : INFO : Tweet $XLM $IOTA ... 
2018-02-06 23:13:39,137 : DEBUG : == Collecting Reddit new at 18-02-06 23:13:36 ==
2018-02-06 23:13:41,957 : INFO : collect
2018-02-06 23:13:41,957 : INFO : collect:5.489256858825684
2018-02-06 23:13:41,957 : DEBUG : == Collecting BitCoin information at 18-02-06 23:13:41 ==
2018-02-06 23:13:42,353 : INFO : ['BTC', '14020000000.0', '7.3', '16850237.0', '7695.68', '-24.59'] ...
2018-02-06 23:13:42,732 : INFO : ['$', 7588.01, 7584.21, 7586.11, 7586.11] ...
2018-02-06 23:14:41,734 : DEBUG : == Collecting new Tweets at 18-02-06 23:14:41 ==
2018-02-06 23:14:41,735 : DEBUG : == Writing tweets ==
2018-02-06 23:14:43,448 : INFO : Tweet Bitcoin Pr ... 
2018-02-06 23:14:43,458 : INFO : Tweet Bitcoin is ... 
2018-02-06 23:14:43,458 : INFO : Tweet Next days  ... 
2018-02-06 23:14:43,459 : INFO : Tweet #Blockchai ... 
2018-02-06 23:14:43,460 : INFO : Tweet RT @creamc ... 
2018-02-06 23:14:43,461 : INFO : Tweet RT @creamc ... 
2018-02-06 23:14:43,462 : INFO : Tweet RT @creamc ... 
2018-02-06 23:14:43,463 : INFO : Tweet RT @TheCoi ... 
2018-02-06 23:14:43,464 : INFO : Tweet RT @TheCoi ... 
2018-02-06 23:14:43,465 : INFO : Tweet RT @TheCoi ... 
2018-02-06 23:14:43,466 : INFO : Tweet RT @creamc ... 
2018-02-06 23:14:43,467 : INFO : Tweet #ADT call  ... 
2018-02-06 23:14:43,467 : INFO : Tweet RT @creamc ... 
2018-02-06 23:14:43,468 : INFO : Tweet CREAMJACK  ... 
2018-02-06 23:14:43,469 : INFO : Tweet Bitcoin's  ... 
2018-02-06 23:14:43,470 : INFO : Tweet RT @TheCoi ... 
2018-02-06 23:14:43,471 : INFO : Tweet Bobby Lees ... 
2018-02-06 23:14:43,472 : INFO : Tweet RT @TheCoi ... 
2018-02-06 23:14:43,472 : INFO : Tweet Litecoin P ... 
2018-02-06 23:14:43,473 : INFO : Tweet You can fi ... 
2018-02-06 23:14:43,474 : INFO : Tweet RT @TheCoi ... 
2018-02-06 23:14:43,475 : INFO : Tweet RT @TheCoi ... 
2018-02-06 23:14:43,476 : INFO : Tweet RT @TheCoi ... 
2018-02-06 23:14:43,476 : INFO : Tweet RT @TheCoi ... 
2018-02-06 23:14:43,477 : INFO : Tweet RT @TheCoi ... 
2018-02-06 23:14:43,478 : INFO : Tweet RT @TheCoi ... 
2018-02-06 23:14:43,479 : INFO : Tweet Venture ca ... 
2018-02-06 23:14:43,480 : INFO : Tweet Bitcoin pr ... 
2018-02-06 23:14:43,480 : INFO : Tweet Why I thin ... 
2018-02-06 23:14:43,481 : INFO : Tweet Why I thin ... 
2018-02-06 23:14:43,482 : INFO : Tweet RT @uscryp ... 
2018-02-06 23:14:43,483 : INFO : Tweet RT @Remi_V ... 
2018-02-06 23:14:43,483 : INFO : Tweet RT @Remi_V ... 
2018-02-06 23:14:43,484 : INFO : Tweet Bitcoin Pr ... 
2018-02-06 23:14:43,485 : INFO : Tweet RT @Metis_ ... 
2018-02-06 23:14:43,486 : INFO : Tweet Litecoin p ... 
2018-02-06 23:14:43,486 : INFO : Tweet #Gridcoin  ... 
2018-02-06 23:14:43,487 : INFO : Tweet Bitcoin Pr ... 
2018-02-06 23:14:43,488 : INFO : Tweet RT @Remi_V ... 
2018-02-06 23:14:43,488 : INFO : Tweet Bitcoin pr ... 
2018-02-06 23:14:43,489 : INFO : Tweet RT @Remi_V ... 
2018-02-06 23:14:43,490 : INFO : Tweet Litecoin P ... 
2018-02-06 23:14:43,491 : INFO : Tweet RT @Remi_V ... 
2018-02-06 23:14:43,491 : INFO : Tweet Cardano Pr ... 
2018-02-06 23:14:43,492 : INFO : Tweet RT @Remi_V ... 
2018-02-06 23:14:43,493 : INFO : Tweet Status Pri ... 
2018-02-06 23:14:43,493 : INFO : Tweet Ripple Pri ... 
2018-02-06 23:14:43,494 : INFO : Tweet RT @gold_t ... 
2018-02-06 23:14:43,495 : INFO : Tweet RT @Remi_V ... 
2018-02-06 23:14:43,496 : INFO : Tweet Ethereum P ... 
2018-02-06 23:14:43,497 : INFO : Tweet RT @TheCoi ... 
2018-02-06 23:14:43,497 : INFO : Tweet RT @Metis_ ... 
2018-02-06 23:14:43,498 : INFO : Tweet Bitcoin Ca ... 
2018-02-06 23:14:43,499 : INFO : Tweet RT @Metis_ ... 
2018-02-06 23:14:43,499 : INFO : Tweet RT @Metis_ ... 
2018-02-06 23:14:43,500 : INFO : Tweet RT @Metis_ ... 
2018-02-06 23:14:43,501 : INFO : Tweet RT @Metis_ ... 
2018-02-06 23:14:43,502 : INFO : Tweet RT @TheCoi ... 
2018-02-06 23:14:43,502 : INFO : Tweet $WAVES loo ... 
2018-02-06 23:14:43,503 : INFO : Tweet RT @WePowe ... 
2018-02-06 23:14:43,504 : INFO : Tweet RT @appics ... 
2018-02-06 23:14:43,504 : INFO : Tweet RT @TheCoi ... 
2018-02-06 23:14:43,505 : INFO : Tweet RT @TheCoi ... 
2018-02-06 23:14:43,506 : INFO : Tweet RT @TheCoi ... 
2018-02-06 23:14:43,507 : INFO : Tweet RT @TheCoi ... 
2018-02-06 23:14:43,507 : INFO : Tweet RT @TheCoi ... 
2018-02-06 23:14:43,508 : INFO : Tweet #Bitcoin's ... 
2018-02-06 23:14:43,509 : INFO : Tweet Bitcoin Pr ... 
2018-02-06 23:14:43,510 : INFO : Tweet #Bitcoin # ... 
2018-02-06 23:14:43,510 : INFO : Tweet What Is #B ... 
2018-02-06 23:14:43,511 : INFO : Tweet "Bitcoin P ... 
2018-02-06 23:14:43,512 : INFO : Tweet Retweets k ... 
2018-02-06 23:14:43,512 : INFO : Tweet Bitcoin pr ... 
2018-02-06 23:14:43,513 : INFO : Tweet Bitcoin pr ... 
2018-02-06 23:14:43,514 : INFO : Tweet RT @TheCoi ... 
2018-02-06 23:14:43,515 : INFO : Tweet https://t. ... 
2018-02-06 23:14:43,515 : INFO : Tweet RT @TheCoi ... 
2018-02-06 23:14:43,516 : INFO : Tweet RT @Remi_V ... 
2018-02-06 23:14:43,517 : INFO : Tweet Bitcoin Pr ... 
2018-02-06 23:14:43,517 : INFO : Tweet #Bitcoin P ... 
2018-02-06 23:14:43,518 : INFO : Tweet RT @emmahe ... 
2018-02-06 23:14:43,519 : INFO : Tweet BCH/BTC 1. ... 
2018-02-06 23:14:43,520 : INFO : Tweet Every coin ... 
2018-02-06 23:14:43,521 : INFO : Tweet RT @TheCoi ... 
2018-02-06 23:14:43,522 : INFO : Tweet RT @TheCoi ... 
2018-02-06 23:14:43,523 : INFO : Tweet RT @TheCoi ... 
2018-02-06 23:14:43,524 : INFO : Tweet RT @Crypto ... 
2018-02-06 23:14:43,525 : INFO : Tweet RT @TheCoi ... 
2018-02-06 23:14:43,526 : INFO : Tweet Bitcoin Pr ... 
2018-02-06 23:14:43,526 : INFO : Tweet $XLM $IOTA ... 
2018-02-06 23:14:43,528 : DEBUG : == Collecting Reddit new at 18-02-06 23:14:41 ==
2018-02-06 23:14:45,877 : INFO : collect
2018-02-06 23:14:45,877 : INFO : collect:4.142926931381226
2018-02-06 23:14:45,877 : DEBUG : == Collecting BitCoin information at 18-02-06 23:14:45 ==
2018-02-06 23:14:46,243 : INFO : ['BTC', '14020000000.0', '7.3', '16850237.0', '7695.68', '-24.59'] ...
2018-02-06 23:14:46,605 : INFO : ['$', 7557.87, 7550.68, 7554.28, 7554.28] ...
2018-02-06 23:15:45,609 : DEBUG : == Collecting new Tweets at 18-02-06 23:15:45 ==
2018-02-06 23:15:45,622 : DEBUG : == Writing tweets ==
2018-02-06 23:15:47,709 : INFO : Tweet Bitcoin Pr ... 
2018-02-06 23:15:47,710 : INFO : Tweet Bitcoin is ... 
2018-02-06 23:15:47,710 : INFO : Tweet Next days  ... 
2018-02-06 23:15:47,711 : INFO : Tweet #Blockchai ... 
2018-02-06 23:15:47,712 : INFO : Tweet RT @creamc ... 
2018-02-06 23:15:47,713 : INFO : Tweet RT @creamc ... 
2018-02-06 23:15:47,714 : INFO : Tweet RT @creamc ... 
2018-02-06 23:15:47,715 : INFO : Tweet RT @TheCoi ... 
2018-02-06 23:15:47,716 : INFO : Tweet RT @TheCoi ... 
2018-02-06 23:15:47,716 : INFO : Tweet RT @TheCoi ... 
2018-02-06 23:15:47,717 : INFO : Tweet RT @creamc ... 
2018-02-06 23:15:47,718 : INFO : Tweet #ADT call  ... 
2018-02-06 23:15:47,719 : INFO : Tweet RT @creamc ... 
2018-02-06 23:15:47,720 : INFO : Tweet CREAMJACK  ... 
2018-02-06 23:15:47,720 : INFO : Tweet Bitcoin's  ... 
2018-02-06 23:15:47,721 : INFO : Tweet RT @TheCoi ... 
2018-02-06 23:15:47,722 : INFO : Tweet Bobby Lees ... 
2018-02-06 23:15:47,723 : INFO : Tweet RT @TheCoi ... 
2018-02-06 23:15:47,723 : INFO : Tweet Litecoin P ... 
2018-02-06 23:15:47,724 : INFO : Tweet You can fi ... 
2018-02-06 23:15:47,725 : INFO : Tweet RT @TheCoi ... 
2018-02-06 23:15:47,726 : INFO : Tweet RT @TheCoi ... 
2018-02-06 23:15:47,727 : INFO : Tweet RT @TheCoi ... 
2018-02-06 23:15:47,727 : INFO : Tweet RT @TheCoi ... 
2018-02-06 23:15:47,728 : INFO : Tweet RT @TheCoi ... 
2018-02-06 23:15:47,729 : INFO : Tweet RT @TheCoi ... 
2018-02-06 23:15:47,729 : INFO : Tweet Venture ca ... 
2018-02-06 23:15:47,730 : INFO : Tweet Bitcoin pr ... 
2018-02-06 23:15:47,731 : INFO : Tweet Why I thin ... 
2018-02-06 23:15:47,732 : INFO : Tweet Why I thin ... 
2018-02-06 23:15:47,732 : INFO : Tweet RT @uscryp ... 
2018-02-06 23:15:47,733 : INFO : Tweet RT @Remi_V ... 
2018-02-06 23:15:47,734 : INFO : Tweet RT @Remi_V ... 
2018-02-06 23:15:47,735 : INFO : Tweet Bitcoin Pr ... 
2018-02-06 23:15:47,735 : INFO : Tweet RT @Metis_ ... 
2018-02-06 23:15:47,736 : INFO : Tweet Litecoin p ... 
2018-02-06 23:15:47,737 : INFO : Tweet #Gridcoin  ... 
2018-02-06 23:15:47,737 : INFO : Tweet Bitcoin Pr ... 
2018-02-06 23:15:47,738 : INFO : Tweet RT @Remi_V ... 
2018-02-06 23:15:47,739 : INFO : Tweet Bitcoin pr ... 
2018-02-06 23:15:47,739 : INFO : Tweet RT @Remi_V ... 
2018-02-06 23:15:47,740 : INFO : Tweet Litecoin P ... 
2018-02-06 23:15:47,741 : INFO : Tweet RT @Remi_V ... 
2018-02-06 23:15:47,741 : INFO : Tweet Cardano Pr ... 
2018-02-06 23:15:47,742 : INFO : Tweet RT @Remi_V ... 
2018-02-06 23:15:47,743 : INFO : Tweet Status Pri ... 
2018-02-06 23:15:47,743 : INFO : Tweet Ripple Pri ... 
2018-02-06 23:15:47,744 : INFO : Tweet RT @gold_t ... 
2018-02-06 23:15:47,745 : INFO : Tweet RT @Remi_V ... 
2018-02-06 23:15:47,745 : INFO : Tweet Ethereum P ... 
2018-02-06 23:15:47,746 : INFO : Tweet RT @TheCoi ... 
2018-02-06 23:15:47,747 : INFO : Tweet RT @Metis_ ... 
2018-02-06 23:15:47,748 : INFO : Tweet Bitcoin Ca ... 
2018-02-06 23:15:47,748 : INFO : Tweet RT @Metis_ ... 
2018-02-06 23:15:47,749 : INFO : Tweet RT @Metis_ ... 
2018-02-06 23:15:47,750 : INFO : Tweet RT @Metis_ ... 
2018-02-06 23:15:47,750 : INFO : Tweet RT @Metis_ ... 
2018-02-06 23:15:47,751 : INFO : Tweet RT @TheCoi ... 
2018-02-06 23:15:47,752 : INFO : Tweet $WAVES loo ... 
2018-02-06 23:15:47,753 : INFO : Tweet RT @WePowe ... 
2018-02-06 23:15:47,754 : INFO : Tweet RT @appics ... 
2018-02-06 23:15:47,755 : INFO : Tweet RT @TheCoi ... 
2018-02-06 23:15:47,756 : INFO : Tweet RT @TheCoi ... 
2018-02-06 23:15:47,757 : INFO : Tweet RT @TheCoi ... 
2018-02-06 23:15:47,758 : INFO : Tweet RT @TheCoi ... 
2018-02-06 23:15:47,758 : INFO : Tweet RT @TheCoi ... 
2018-02-06 23:15:47,759 : INFO : Tweet #Bitcoin's ... 
2018-02-06 23:15:47,760 : INFO : Tweet Bitcoin Pr ... 
2018-02-06 23:15:47,761 : INFO : Tweet #Bitcoin # ... 
2018-02-06 23:15:47,762 : INFO : Tweet What Is #B ... 
2018-02-06 23:15:47,763 : INFO : Tweet "Bitcoin P ... 
2018-02-06 23:15:47,763 : INFO : Tweet Retweets k ... 
2018-02-06 23:15:47,765 : INFO : Tweet Bitcoin pr ... 
2018-02-06 23:15:47,766 : INFO : Tweet Bitcoin pr ... 
2018-02-06 23:15:47,766 : INFO : Tweet RT @TheCoi ... 
2018-02-06 23:15:47,767 : INFO : Tweet https://t. ... 
2018-02-06 23:15:47,768 : INFO : Tweet RT @TheCoi ... 
2018-02-06 23:15:47,769 : INFO : Tweet RT @Remi_V ... 
2018-02-06 23:15:47,769 : INFO : Tweet Bitcoin Pr ... 
2018-02-06 23:15:47,770 : INFO : Tweet #Bitcoin P ... 
2018-02-06 23:15:47,771 : INFO : Tweet RT @emmahe ... 
2018-02-06 23:15:47,771 : INFO : Tweet BCH/BTC 1. ... 
2018-02-06 23:15:47,772 : INFO : Tweet Every coin ... 
2018-02-06 23:15:47,773 : INFO : Tweet RT @TheCoi ... 
2018-02-06 23:15:47,774 : INFO : Tweet RT @TheCoi ... 
2018-02-06 23:15:47,774 : INFO : Tweet RT @TheCoi ... 
2018-02-06 23:15:47,775 : INFO : Tweet RT @Crypto ... 
2018-02-06 23:15:47,776 : INFO : Tweet RT @TheCoi ... 
2018-02-06 23:15:47,776 : INFO : Tweet Bitcoin Pr ... 
2018-02-06 23:15:47,777 : INFO : Tweet $XLM $IOTA ... 
2018-02-06 23:15:47,781 : DEBUG : == Collecting Reddit new at 18-02-06 23:15:45 ==
2018-02-06 23:15:52,107 : INFO : collect
2018-02-06 23:15:52,107 : INFO : collect:6.4982311725616455
2018-02-06 23:15:52,107 : DEBUG : == Collecting BitCoin information at 18-02-06 23:15:52 ==
2018-02-06 23:15:52,449 : INFO : ['BTC', '13910600000.0', '6.5', '16850237.0', '7626.61', '-25.25'] ...
2018-02-06 23:15:52,797 : INFO : ['$', 7557.87, 7550.68, 7554.28, 7554.28] ...
2018-02-06 23:16:51,802 : DEBUG : == Collecting new Tweets at 18-02-06 23:16:51 ==
2018-02-06 23:16:51,803 : DEBUG : == Writing tweets ==
2018-02-06 23:16:54,232 : INFO : Tweet RT @TheCoi ... 
2018-02-06 23:16:54,233 : INFO : Tweet Bitcoin Pr ... 
2018-02-06 23:16:54,234 : INFO : Tweet Bitcoin is ... 
2018-02-06 23:16:54,235 : INFO : Tweet Next days  ... 
2018-02-06 23:16:54,236 : INFO : Tweet #Blockchai ... 
2018-02-06 23:16:54,236 : INFO : Tweet RT @creamc ... 
2018-02-06 23:16:54,237 : INFO : Tweet RT @creamc ... 
2018-02-06 23:16:54,238 : INFO : Tweet RT @creamc ... 
2018-02-06 23:16:54,239 : INFO : Tweet RT @TheCoi ... 
2018-02-06 23:16:54,240 : INFO : Tweet RT @TheCoi ... 
2018-02-06 23:16:54,241 : INFO : Tweet RT @TheCoi ... 
2018-02-06 23:16:54,242 : INFO : Tweet RT @creamc ... 
2018-02-06 23:16:54,243 : INFO : Tweet #ADT call  ... 
2018-02-06 23:16:54,244 : INFO : Tweet RT @creamc ... 
2018-02-06 23:16:54,245 : INFO : Tweet CREAMJACK  ... 
2018-02-06 23:16:54,246 : INFO : Tweet Bitcoin's  ... 
2018-02-06 23:16:54,246 : INFO : Tweet RT @TheCoi ... 
2018-02-06 23:16:54,247 : INFO : Tweet Bobby Lees ... 
2018-02-06 23:16:54,248 : INFO : Tweet RT @TheCoi ... 
2018-02-06 23:16:54,249 : INFO : Tweet Litecoin P ... 
2018-02-06 23:16:54,250 : INFO : Tweet You can fi ... 
2018-02-06 23:16:54,251 : INFO : Tweet RT @TheCoi ... 
2018-02-06 23:16:54,252 : INFO : Tweet RT @TheCoi ... 
2018-02-06 23:16:54,252 : INFO : Tweet RT @TheCoi ... 
2018-02-06 23:16:54,253 : INFO : Tweet RT @TheCoi ... 
2018-02-06 23:16:54,254 : INFO : Tweet RT @TheCoi ... 
2018-02-06 23:16:54,255 : INFO : Tweet RT @TheCoi ... 
2018-02-06 23:16:54,256 : INFO : Tweet Venture ca ... 
2018-02-06 23:16:54,256 : INFO : Tweet Bitcoin pr ... 
2018-02-06 23:16:54,257 : INFO : Tweet Why I thin ... 
2018-02-06 23:16:54,258 : INFO : Tweet Why I thin ... 
2018-02-06 23:16:54,259 : INFO : Tweet RT @uscryp ... 
2018-02-06 23:16:54,260 : INFO : Tweet RT @Remi_V ... 
2018-02-06 23:16:54,261 : INFO : Tweet RT @Remi_V ... 
2018-02-06 23:16:54,262 : INFO : Tweet Bitcoin Pr ... 
2018-02-06 23:16:54,262 : INFO : Tweet RT @Metis_ ... 
2018-02-06 23:16:54,263 : INFO : Tweet Litecoin p ... 
2018-02-06 23:16:54,264 : INFO : Tweet #Gridcoin  ... 
2018-02-06 23:16:54,265 : INFO : Tweet Bitcoin Pr ... 
2018-02-06 23:16:54,266 : INFO : Tweet RT @Remi_V ... 
2018-02-06 23:16:54,266 : INFO : Tweet Bitcoin pr ... 
2018-02-06 23:16:54,267 : INFO : Tweet RT @Remi_V ... 
2018-02-06 23:16:54,268 : INFO : Tweet Litecoin P ... 
2018-02-06 23:16:54,269 : INFO : Tweet RT @Remi_V ... 
2018-02-06 23:16:54,270 : INFO : Tweet Cardano Pr ... 
2018-02-06 23:16:54,270 : INFO : Tweet RT @Remi_V ... 
2018-02-06 23:16:54,271 : INFO : Tweet Status Pri ... 
2018-02-06 23:16:54,272 : INFO : Tweet Ripple Pri ... 
2018-02-06 23:16:54,272 : INFO : Tweet RT @gold_t ... 
2018-02-06 23:16:54,273 : INFO : Tweet RT @Remi_V ... 
2018-02-06 23:16:54,274 : INFO : Tweet Ethereum P ... 
2018-02-06 23:16:54,275 : INFO : Tweet RT @TheCoi ... 
2018-02-06 23:16:54,275 : INFO : Tweet RT @Metis_ ... 
2018-02-06 23:16:54,276 : INFO : Tweet Bitcoin Ca ... 
2018-02-06 23:16:54,277 : INFO : Tweet RT @Metis_ ... 
2018-02-06 23:16:54,278 : INFO : Tweet RT @Metis_ ... 
2018-02-06 23:16:54,278 : INFO : Tweet RT @Metis_ ... 
2018-02-06 23:16:54,279 : INFO : Tweet RT @Metis_ ... 
2018-02-06 23:16:54,280 : INFO : Tweet RT @TheCoi ... 
2018-02-06 23:16:54,280 : INFO : Tweet $WAVES loo ... 
2018-02-06 23:16:54,281 : INFO : Tweet RT @WePowe ... 
2018-02-06 23:16:54,282 : INFO : Tweet RT @appics ... 
2018-02-06 23:16:54,283 : INFO : Tweet RT @TheCoi ... 
2018-02-06 23:16:54,283 : INFO : Tweet RT @TheCoi ... 
2018-02-06 23:16:54,284 : INFO : Tweet RT @TheCoi ... 
2018-02-06 23:16:54,285 : INFO : Tweet RT @TheCoi ... 
2018-02-06 23:16:54,286 : INFO : Tweet RT @TheCoi ... 
2018-02-06 23:16:54,286 : INFO : Tweet #Bitcoin's ... 
2018-02-06 23:16:54,287 : INFO : Tweet Bitcoin Pr ... 
2018-02-06 23:16:54,288 : INFO : Tweet #Bitcoin # ... 
2018-02-06 23:16:54,288 : INFO : Tweet What Is #B ... 
2018-02-06 23:16:54,289 : INFO : Tweet "Bitcoin P ... 
2018-02-06 23:16:54,290 : INFO : Tweet Retweets k ... 
2018-02-06 23:16:54,291 : INFO : Tweet Bitcoin pr ... 
2018-02-06 23:16:54,291 : INFO : Tweet Bitcoin pr ... 
2018-02-06 23:16:54,292 : INFO : Tweet RT @TheCoi ... 
2018-02-06 23:16:54,293 : INFO : Tweet https://t. ... 
2018-02-06 23:16:54,293 : INFO : Tweet RT @TheCoi ... 
2018-02-06 23:16:54,294 : INFO : Tweet RT @Remi_V ... 
2018-02-06 23:16:54,295 : INFO : Tweet Bitcoin Pr ... 
2018-02-06 23:16:54,295 : INFO : Tweet #Bitcoin P ... 
2018-02-06 23:16:54,296 : INFO : Tweet RT @emmahe ... 
2018-02-06 23:16:54,297 : INFO : Tweet BCH/BTC 1. ... 
2018-02-06 23:16:54,297 : INFO : Tweet Every coin ... 
2018-02-06 23:16:54,298 : INFO : Tweet RT @TheCoi ... 
2018-02-06 23:16:54,299 : INFO : Tweet RT @TheCoi ... 
2018-02-06 23:16:54,300 : INFO : Tweet RT @TheCoi ... 
2018-02-06 23:16:54,300 : INFO : Tweet RT @Crypto ... 
2018-02-06 23:16:54,301 : INFO : Tweet RT @TheCoi ... 
2018-02-06 23:16:54,302 : INFO : Tweet Bitcoin Pr ... 
2018-02-06 23:16:54,304 : DEBUG : == Collecting Reddit new at 18-02-06 23:16:51 ==
2018-02-06 23:16:57,187 : INFO : collect
2018-02-06 23:16:57,187 : INFO : collect:5.384671926498413
2018-02-06 23:16:57,187 : DEBUG : == Collecting BitCoin information at 18-02-06 23:16:57 ==
2018-02-06 23:16:57,529 : INFO : ['BTC', '13910600000.0', '6.5', '16850237.0', '7626.61', '-25.25'] ...
2018-02-06 23:16:57,885 : INFO : ['$', 7585.0, 7575.77, 7580.39, 7580.39] ...
