2018-02-06 14:52:25,795 : INFO :  == Collecting new Tweets at 18-02-06 14:52:25 ==
2018-02-06 14:52:26,649 : INFO :  == Writing tweets ==
2018-02-06 14:52:26,649 : INFO : Tweet RT @BMToda ... 
2018-02-06 14:52:26,737 : INFO : Tweet Bitcoin Pr ... 
2018-02-06 14:52:26,738 : INFO : Tweet RT @TheCoi ... 
2018-02-06 14:52:26,739 : INFO : Tweet RT @UrkoKu ... 
2018-02-06 14:52:26,740 : INFO : Tweet RT @UrkoKu ... 
2018-02-06 14:52:26,741 : INFO : Tweet @Viberate_ ... 
2018-02-06 14:52:26,742 : INFO : Tweet $IOTA $BTC ... 
2018-02-06 14:52:26,743 : INFO : Tweet $poe $BTC  ... 
2018-02-06 14:52:26,744 : INFO : Tweet RT @crypto ... 
2018-02-06 14:52:26,745 : INFO : Tweet $BTC $ETH  ... 
2018-02-06 14:52:26,745 : INFO : Tweet RT @TheCoi ... 
2018-02-06 14:52:26,746 : INFO : Tweet Status Pri ... 
2018-02-06 14:52:26,747 : INFO : Tweet Bitcoin pr ... 
2018-02-06 14:52:26,748 : INFO : Tweet Ethereum C ... 
2018-02-06 14:52:26,749 : INFO : Tweet RT @Crypto ... 
2018-02-06 14:52:26,750 : INFO : Tweet Bitcoin pr ... 
2018-02-06 14:52:26,751 : INFO : Tweet Bitcoin Pr ... 
2018-02-06 14:52:26,752 : INFO : Tweet Check. #Bi ... 
2018-02-06 14:52:26,753 : INFO : Tweet WCN Live S ... 
2018-02-06 14:52:26,754 : INFO : Tweet RT @Bitrac ... 
2018-02-06 14:52:26,754 : INFO : Tweet RT @crypto ... 
2018-02-06 14:52:26,755 : INFO : Tweet RT @crypto ... 
2018-02-06 14:52:26,756 : INFO : Tweet RT @Bitrac ... 
2018-02-06 14:52:26,757 : INFO : Tweet RT @Bitrac ... 
2018-02-06 14:52:26,758 : INFO : Tweet More Bulli ... 
2018-02-06 14:52:26,758 : INFO : Tweet RT @crypto ... 
2018-02-06 14:52:26,759 : INFO : Tweet RT @btc_up ... 
2018-02-06 14:52:26,760 : INFO : Tweet Ripple Pri ... 
2018-02-06 14:52:26,761 : INFO : Tweet Bitcoin pr ... 
2018-02-06 14:52:26,762 : INFO : Tweet RT @XVGDol ... 
2018-02-06 14:52:26,762 : INFO : Tweet Bitcoin Pr ... 
2018-02-06 14:52:26,763 : INFO : Tweet When was t ... 
2018-02-06 14:52:26,764 : INFO : Tweet As 2011 en ... 
2018-02-06 14:52:26,765 : INFO : Tweet The Bitcoi ... 
2018-02-06 14:52:26,765 : INFO : Tweet RT @Ripple ... 
2018-02-06 14:52:26,766 : INFO : Tweet RT @Crypto ... 
2018-02-06 14:52:26,767 : INFO : Tweet Ripple pri ... 
2018-02-06 14:52:26,768 : INFO : Tweet Ripple pri ... 
2018-02-06 14:52:26,769 : INFO : Tweet Ripple pri ... 
2018-02-06 14:52:26,770 : INFO : Tweet Bitcoin Pr ... 
2018-02-06 14:52:26,771 : INFO : Tweet Check out  ... 
2018-02-06 14:52:26,771 : INFO : Tweet Ethereum P ... 
2018-02-06 14:52:26,772 : INFO : Tweet RT @Bitrac ... 
2018-02-06 14:52:26,773 : INFO : Tweet Bitcoin is ... 
2018-02-06 14:52:26,774 : INFO : Tweet Bitcoin Ca ... 
2018-02-06 14:52:26,774 : INFO : Tweet RT @Bitrac ... 
2018-02-06 14:52:26,775 : INFO : Tweet RT @crypto ... 
2018-02-06 14:52:26,776 : INFO : Tweet #Bitcoin i ... 
2018-02-06 14:52:26,777 : INFO : Tweet Gifto( @gi ... 
2018-02-06 14:52:26,777 : INFO : Tweet RT @Bitrac ... 
2018-02-06 14:52:26,778 : INFO : Tweet RT @mclynd ... 
2018-02-06 14:52:26,779 : INFO : Tweet #Bitcoin # ... 
2018-02-06 14:52:26,779 : INFO : Tweet #bitcoin h ... 
2018-02-06 14:52:26,780 : INFO : Tweet #Bitcoin P ... 
2018-02-06 14:52:26,781 : INFO : Tweet Bitcoin's  ... 
2018-02-06 14:52:26,782 : INFO : Tweet Bitcoin Pr ... 
2018-02-06 14:52:26,782 : INFO : Tweet Bitcoin's  ... 
2018-02-06 14:52:26,783 : INFO : Tweet Bitcoin Pr ... 
2018-02-06 14:52:26,784 : INFO : Tweet Bitcoin Ca ... 
2018-02-06 14:52:26,784 : INFO : Tweet RT @uscryp ... 
2018-02-06 14:52:26,785 : INFO : Tweet RT @Remi_V ... 
2018-02-06 14:52:26,786 : INFO : Tweet RT @uscryp ... 
2018-02-06 14:52:26,787 : INFO : Tweet RT @Remi_V ... 
2018-02-06 14:52:26,787 : INFO : Tweet Bitcoin Pr ... 
2018-02-06 14:52:26,788 : INFO : Tweet RT @uscryp ... 
2018-02-06 14:52:26,789 : INFO : Tweet *FACEBOOK  ... 
2018-02-06 14:52:26,790 : INFO : Tweet Calvin Ayr ... 
2018-02-06 14:52:26,791 : INFO : Tweet Bitcoin's  ... 
2018-02-06 14:52:26,792 : INFO : Tweet Study Find ... 
2018-02-06 14:52:26,793 : INFO : Tweet RT @Krypto ... 
2018-02-06 14:52:26,794 : INFO : Tweet Study Find ... 
2018-02-06 14:52:26,794 : INFO : Tweet Bitcoin Pr ... 
2018-02-06 14:52:26,795 : INFO : Tweet @CryptoMir ... 
2018-02-06 14:52:26,796 : INFO : Tweet RT @Krypto ... 
2018-02-06 14:52:26,797 : INFO : Tweet RT @Crypto ... 
2018-02-06 14:52:26,798 : INFO : Tweet RT @abusa1 ... 
2018-02-06 14:52:26,799 : INFO : Tweet $html #HTM ... 
