2018-02-06 14:50:14,311 : INFO : Collecting Tweets ...
2018-02-06 14:50:15,118 : INFO : Write tweets ...
2018-02-06 14:50:15,118 : INFO : Add tweet RT @UrkoKu ... 
2018-02-06 14:50:15,206 : INFO : Add tweet RT @UrkoKu ... 
2018-02-06 14:50:15,207 : INFO : Add tweet @Viberate_ ... 
2018-02-06 14:50:15,208 : INFO : Add tweet $IOTA $BTC ... 
2018-02-06 14:50:15,209 : INFO : Add tweet $poe $BTC  ... 
2018-02-06 14:50:15,210 : INFO : Add tweet RT @crypto ... 
2018-02-06 14:50:15,211 : INFO : Add tweet $BTC $ETH  ... 
2018-02-06 14:50:15,212 : INFO : Add tweet RT @TheCoi ... 
2018-02-06 14:50:15,213 : INFO : Add tweet Status Pri ... 
2018-02-06 14:50:15,214 : INFO : Add tweet Bitcoin pr ... 
2018-02-06 14:50:15,214 : INFO : Add tweet Ethereum C ... 
2018-02-06 14:50:15,215 : INFO : Add tweet RT @Crypto ... 
2018-02-06 14:50:15,216 : INFO : Add tweet Bitcoin pr ... 
2018-02-06 14:50:15,217 : INFO : Add tweet Bitcoin Pr ... 
2018-02-06 14:50:15,218 : INFO : Add tweet Check. #Bi ... 
2018-02-06 14:50:15,219 : INFO : Add tweet WCN Live S ... 
2018-02-06 14:50:15,219 : INFO : Add tweet RT @Bitrac ... 
2018-02-06 14:50:15,220 : INFO : Add tweet RT @crypto ... 
2018-02-06 14:50:15,221 : INFO : Add tweet RT @crypto ... 
2018-02-06 14:50:15,222 : INFO : Add tweet RT @Bitrac ... 
2018-02-06 14:50:15,223 : INFO : Add tweet RT @Bitrac ... 
2018-02-06 14:50:15,223 : INFO : Add tweet More Bulli ... 
2018-02-06 14:50:15,224 : INFO : Add tweet RT @crypto ... 
2018-02-06 14:50:15,225 : INFO : Add tweet RT @btc_up ... 
2018-02-06 14:50:15,226 : INFO : Add tweet Ripple Pri ... 
2018-02-06 14:50:15,227 : INFO : Add tweet Bitcoin pr ... 
2018-02-06 14:50:15,227 : INFO : Add tweet RT @XVGDol ... 
2018-02-06 14:50:15,228 : INFO : Add tweet Bitcoin Pr ... 
2018-02-06 14:50:15,229 : INFO : Add tweet When was t ... 
2018-02-06 14:50:15,230 : INFO : Add tweet As 2011 en ... 
2018-02-06 14:50:15,231 : INFO : Add tweet The Bitcoi ... 
2018-02-06 14:50:15,232 : INFO : Add tweet RT @Ripple ... 
2018-02-06 14:50:15,233 : INFO : Add tweet RT @Crypto ... 
2018-02-06 14:50:15,233 : INFO : Add tweet Ripple pri ... 
2018-02-06 14:50:15,234 : INFO : Add tweet Ripple pri ... 
2018-02-06 14:50:15,235 : INFO : Add tweet Ripple pri ... 
2018-02-06 14:50:15,236 : INFO : Add tweet Bitcoin Pr ... 
2018-02-06 14:50:15,237 : INFO : Add tweet Check out  ... 
2018-02-06 14:50:15,237 : INFO : Add tweet Ethereum P ... 
2018-02-06 14:50:15,238 : INFO : Add tweet RT @Bitrac ... 
2018-02-06 14:50:15,239 : INFO : Add tweet Bitcoin is ... 
2018-02-06 14:50:15,240 : INFO : Add tweet Bitcoin Ca ... 
2018-02-06 14:50:15,240 : INFO : Add tweet RT @Bitrac ... 
2018-02-06 14:50:15,241 : INFO : Add tweet RT @crypto ... 
2018-02-06 14:50:15,242 : INFO : Add tweet #Bitcoin i ... 
2018-02-06 14:50:15,243 : INFO : Add tweet Gifto( @gi ... 
2018-02-06 14:50:15,244 : INFO : Add tweet RT @Bitrac ... 
2018-02-06 14:50:15,244 : INFO : Add tweet RT @mclynd ... 
2018-02-06 14:50:15,245 : INFO : Add tweet #Bitcoin # ... 
2018-02-06 14:50:15,246 : INFO : Add tweet #bitcoin h ... 
2018-02-06 14:50:15,247 : INFO : Add tweet #Bitcoin P ... 
2018-02-06 14:50:15,247 : INFO : Add tweet Bitcoin's  ... 
2018-02-06 14:50:15,248 : INFO : Add tweet Bitcoin Pr ... 
2018-02-06 14:50:15,249 : INFO : Add tweet Bitcoin's  ... 
2018-02-06 14:50:15,249 : INFO : Add tweet Bitcoin Pr ... 
2018-02-06 14:50:15,250 : INFO : Add tweet Bitcoin Ca ... 
2018-02-06 14:50:15,251 : INFO : Add tweet RT @uscryp ... 
2018-02-06 14:50:15,252 : INFO : Add tweet RT @Remi_V ... 
2018-02-06 14:50:15,273 : INFO : Add tweet RT @uscryp ... 
2018-02-06 14:50:15,274 : INFO : Add tweet RT @Remi_V ... 
2018-02-06 14:50:15,275 : INFO : Add tweet Bitcoin Pr ... 
2018-02-06 14:50:15,275 : INFO : Add tweet RT @uscryp ... 
2018-02-06 14:50:15,276 : INFO : Add tweet *FACEBOOK  ... 
2018-02-06 14:50:15,277 : INFO : Add tweet Calvin Ayr ... 
2018-02-06 14:50:15,278 : INFO : Add tweet Bitcoin's  ... 
2018-02-06 14:50:15,279 : INFO : Add tweet Study Find ... 
2018-02-06 14:50:15,280 : INFO : Add tweet RT @Krypto ... 
2018-02-06 14:50:15,280 : INFO : Add tweet Study Find ... 
2018-02-06 14:50:15,281 : INFO : Add tweet Bitcoin Pr ... 
2018-02-06 14:50:15,282 : INFO : Add tweet @CryptoMir ... 
2018-02-06 14:50:15,283 : INFO : Add tweet RT @Krypto ... 
2018-02-06 14:50:15,284 : INFO : Add tweet RT @Crypto ... 
2018-02-06 14:50:15,285 : INFO : Add tweet RT @abusa1 ... 
2018-02-06 14:50:15,285 : INFO : Add tweet $html #HTM ... 
2018-02-06 14:50:15,286 : INFO : Add tweet Bitcoi Pri ... 
2018-02-06 14:50:15,287 : INFO : Add tweet RT @Crypto ... 
2018-02-06 14:50:15,288 : DEBUG : Collect new tweets at 18-02-06 14:50:15
