2018-02-06 23:17:04,723 : DEBUG : == Collecting new Tweets at 18-02-06 23:17:04 ==
2018-02-06 23:17:04,724 : DEBUG : == Writing tweets ==
2018-02-06 23:17:06,669 : INFO : Tweet RT @TheCoi ... 
2018-02-06 23:17:06,762 : INFO : Tweet Bitcoin Pr ... 
2018-02-06 23:17:06,763 : INFO : Tweet Bitcoin is ... 
2018-02-06 23:17:06,764 : INFO : Tweet Next days  ... 
2018-02-06 23:17:06,765 : INFO : Tweet #Blockchai ... 
2018-02-06 23:17:06,766 : INFO : Tweet RT @creamc ... 
2018-02-06 23:17:06,767 : INFO : Tweet RT @creamc ... 
2018-02-06 23:17:06,768 : INFO : Tweet RT @creamc ... 
2018-02-06 23:17:06,770 : INFO : Tweet RT @TheCoi ... 
2018-02-06 23:17:06,770 : INFO : Tweet RT @TheCoi ... 
2018-02-06 23:17:06,771 : INFO : Tweet RT @TheCoi ... 
2018-02-06 23:17:06,772 : INFO : Tweet RT @creamc ... 
2018-02-06 23:17:06,773 : INFO : Tweet #ADT call  ... 
2018-02-06 23:17:06,774 : INFO : Tweet RT @creamc ... 
2018-02-06 23:17:06,775 : INFO : Tweet CREAMJACK  ... 
2018-02-06 23:17:06,776 : INFO : Tweet Bitcoin's  ... 
2018-02-06 23:17:06,776 : INFO : Tweet RT @TheCoi ... 
2018-02-06 23:17:06,777 : INFO : Tweet Bobby Lees ... 
2018-02-06 23:17:06,778 : INFO : Tweet RT @TheCoi ... 
2018-02-06 23:17:06,779 : INFO : Tweet Litecoin P ... 
2018-02-06 23:17:06,780 : INFO : Tweet You can fi ... 
2018-02-06 23:17:06,781 : INFO : Tweet RT @TheCoi ... 
2018-02-06 23:17:06,782 : INFO : Tweet RT @TheCoi ... 
2018-02-06 23:17:06,783 : INFO : Tweet RT @TheCoi ... 
2018-02-06 23:17:06,783 : INFO : Tweet RT @TheCoi ... 
2018-02-06 23:17:06,784 : INFO : Tweet RT @TheCoi ... 
2018-02-06 23:17:06,785 : INFO : Tweet RT @TheCoi ... 
2018-02-06 23:17:06,786 : INFO : Tweet Venture ca ... 
2018-02-06 23:17:06,787 : INFO : Tweet Bitcoin pr ... 
2018-02-06 23:17:06,787 : INFO : Tweet Why I thin ... 
2018-02-06 23:17:06,788 : INFO : Tweet Why I thin ... 
2018-02-06 23:17:06,789 : INFO : Tweet RT @uscryp ... 
2018-02-06 23:17:06,790 : INFO : Tweet RT @Remi_V ... 
2018-02-06 23:17:06,791 : INFO : Tweet RT @Remi_V ... 
2018-02-06 23:17:06,792 : INFO : Tweet Bitcoin Pr ... 
2018-02-06 23:17:06,792 : INFO : Tweet RT @Metis_ ... 
2018-02-06 23:17:06,793 : INFO : Tweet Litecoin p ... 
2018-02-06 23:17:06,794 : INFO : Tweet #Gridcoin  ... 
2018-02-06 23:17:06,795 : INFO : Tweet Bitcoin Pr ... 
2018-02-06 23:17:06,795 : INFO : Tweet RT @Remi_V ... 
2018-02-06 23:17:06,796 : INFO : Tweet Bitcoin pr ... 
2018-02-06 23:17:06,797 : INFO : Tweet RT @Remi_V ... 
2018-02-06 23:17:06,798 : INFO : Tweet Litecoin P ... 
2018-02-06 23:17:06,799 : INFO : Tweet RT @Remi_V ... 
2018-02-06 23:17:06,800 : INFO : Tweet Cardano Pr ... 
2018-02-06 23:17:06,800 : INFO : Tweet RT @Remi_V ... 
2018-02-06 23:17:06,801 : INFO : Tweet Status Pri ... 
2018-02-06 23:17:06,802 : INFO : Tweet Ripple Pri ... 
2018-02-06 23:17:06,803 : INFO : Tweet RT @gold_t ... 
2018-02-06 23:17:06,803 : INFO : Tweet RT @Remi_V ... 
2018-02-06 23:17:06,804 : INFO : Tweet Ethereum P ... 
2018-02-06 23:17:06,805 : INFO : Tweet RT @TheCoi ... 
2018-02-06 23:17:06,806 : INFO : Tweet RT @Metis_ ... 
2018-02-06 23:17:06,806 : INFO : Tweet Bitcoin Ca ... 
2018-02-06 23:17:06,807 : INFO : Tweet RT @Metis_ ... 
2018-02-06 23:17:06,808 : INFO : Tweet RT @Metis_ ... 
2018-02-06 23:17:06,809 : INFO : Tweet RT @Metis_ ... 
2018-02-06 23:17:06,809 : INFO : Tweet RT @Metis_ ... 
2018-02-06 23:17:06,810 : INFO : Tweet RT @TheCoi ... 
2018-02-06 23:17:06,811 : INFO : Tweet $WAVES loo ... 
2018-02-06 23:17:06,812 : INFO : Tweet RT @WePowe ... 
2018-02-06 23:17:06,812 : INFO : Tweet RT @appics ... 
2018-02-06 23:17:06,813 : INFO : Tweet RT @TheCoi ... 
2018-02-06 23:17:06,814 : INFO : Tweet RT @TheCoi ... 
2018-02-06 23:17:06,815 : INFO : Tweet RT @TheCoi ... 
2018-02-06 23:17:06,815 : INFO : Tweet RT @TheCoi ... 
2018-02-06 23:17:06,816 : INFO : Tweet RT @TheCoi ... 
2018-02-06 23:17:06,817 : INFO : Tweet #Bitcoin's ... 
2018-02-06 23:17:06,818 : INFO : Tweet Bitcoin Pr ... 
2018-02-06 23:17:06,818 : INFO : Tweet #Bitcoin # ... 
2018-02-06 23:17:06,819 : INFO : Tweet What Is #B ... 
2018-02-06 23:17:06,820 : INFO : Tweet "Bitcoin P ... 
2018-02-06 23:17:06,820 : INFO : Tweet Retweets k ... 
2018-02-06 23:17:06,821 : INFO : Tweet Bitcoin pr ... 
2018-02-06 23:17:06,821 : INFO : Tweet Bitcoin pr ... 
2018-02-06 23:17:06,822 : INFO : Tweet RT @TheCoi ... 
2018-02-06 23:17:06,823 : INFO : Tweet https://t. ... 
2018-02-06 23:17:06,824 : INFO : Tweet RT @TheCoi ... 
2018-02-06 23:17:06,824 : INFO : Tweet RT @Remi_V ... 
2018-02-06 23:17:06,825 : INFO : Tweet Bitcoin Pr ... 
2018-02-06 23:17:06,826 : INFO : Tweet #Bitcoin P ... 
2018-02-06 23:17:06,826 : INFO : Tweet RT @emmahe ... 
2018-02-06 23:17:06,827 : INFO : Tweet BCH/BTC 1. ... 
2018-02-06 23:17:06,828 : INFO : Tweet Every coin ... 
2018-02-06 23:17:06,828 : INFO : Tweet RT @TheCoi ... 
2018-02-06 23:17:06,829 : INFO : Tweet RT @TheCoi ... 
2018-02-06 23:17:06,830 : INFO : Tweet RT @TheCoi ... 
2018-02-06 23:17:06,831 : INFO : Tweet RT @Crypto ... 
2018-02-06 23:17:06,831 : INFO : Tweet RT @TheCoi ... 
2018-02-06 23:17:06,832 : INFO : Tweet Bitcoin Pr ... 
2018-02-06 23:17:06,836 : DEBUG : == Collecting Reddit new at 18-02-06 23:17:04 ==
2018-02-06 23:17:09,181 : INFO : collect
2018-02-06 23:17:09,181 : INFO : collect:4.458007097244263
2018-02-06 23:17:09,181 : DEBUG : == Collecting BitCoin information at 18-02-06 23:17:09 ==
2018-02-06 23:17:09,575 : INFO : ['13910600000.0', 'Bitcoin', '1517955264', '1', '7626.61', '6.5'] ...
2018-02-06 23:17:09,992 : INFO : ['$', 7562.9, 7566.67, 7570.45, 7566.67] ...
