2018-02-06 23:07:46,788 : DEBUG : == Collecting new Tweets at 18-02-06 23:07:46 ==
2018-02-06 23:07:46,789 : DEBUG : == Writing tweets ==
2018-02-06 23:07:49,815 : INFO : Tweet Bitcoin Pr ... 
2018-02-06 23:07:49,904 : INFO : Tweet Bitcoin is ... 
2018-02-06 23:07:49,905 : INFO : Tweet Next days  ... 
2018-02-06 23:07:49,905 : INFO : Tweet #Blockchai ... 
2018-02-06 23:07:49,906 : INFO : Tweet RT @creamc ... 
2018-02-06 23:07:49,907 : INFO : Tweet RT @creamc ... 
2018-02-06 23:07:49,908 : INFO : Tweet RT @creamc ... 
2018-02-06 23:07:49,909 : INFO : Tweet RT @TheCoi ... 
2018-02-06 23:07:49,910 : INFO : Tweet RT @TheCoi ... 
2018-02-06 23:07:49,911 : INFO : Tweet RT @TheCoi ... 
2018-02-06 23:07:49,911 : INFO : Tweet RT @creamc ... 
2018-02-06 23:07:49,912 : INFO : Tweet #ADT call  ... 
2018-02-06 23:07:49,913 : INFO : Tweet RT @creamc ... 
2018-02-06 23:07:49,914 : INFO : Tweet CREAMJACK  ... 
2018-02-06 23:07:49,915 : INFO : Tweet Bitcoin's  ... 
2018-02-06 23:07:49,916 : INFO : Tweet RT @TheCoi ... 
2018-02-06 23:07:49,917 : INFO : Tweet Bobby Lees ... 
2018-02-06 23:07:49,918 : INFO : Tweet RT @TheCoi ... 
2018-02-06 23:07:49,919 : INFO : Tweet Litecoin P ... 
2018-02-06 23:07:49,920 : INFO : Tweet You can fi ... 
2018-02-06 23:07:49,920 : INFO : Tweet RT @TheCoi ... 
2018-02-06 23:07:49,921 : INFO : Tweet RT @TheCoi ... 
2018-02-06 23:07:49,922 : INFO : Tweet RT @TheCoi ... 
2018-02-06 23:07:49,923 : INFO : Tweet RT @TheCoi ... 
2018-02-06 23:07:49,924 : INFO : Tweet RT @TheCoi ... 
2018-02-06 23:07:49,924 : INFO : Tweet RT @TheCoi ... 
2018-02-06 23:07:49,925 : INFO : Tweet Venture ca ... 
2018-02-06 23:07:49,926 : INFO : Tweet Bitcoin pr ... 
2018-02-06 23:07:49,927 : INFO : Tweet Why I thin ... 
2018-02-06 23:07:49,928 : INFO : Tweet Why I thin ... 
2018-02-06 23:07:49,928 : INFO : Tweet RT @uscryp ... 
2018-02-06 23:07:49,929 : INFO : Tweet RT @Remi_V ... 
2018-02-06 23:07:49,930 : INFO : Tweet RT @Remi_V ... 
2018-02-06 23:07:49,931 : INFO : Tweet Bitcoin Pr ... 
2018-02-06 23:07:49,932 : INFO : Tweet RT @Metis_ ... 
2018-02-06 23:07:49,933 : INFO : Tweet Litecoin p ... 
2018-02-06 23:07:49,934 : INFO : Tweet #Gridcoin  ... 
2018-02-06 23:07:49,935 : INFO : Tweet Bitcoin Pr ... 
2018-02-06 23:07:49,935 : INFO : Tweet RT @Remi_V ... 
2018-02-06 23:07:49,936 : INFO : Tweet Bitcoin pr ... 
2018-02-06 23:07:49,937 : INFO : Tweet RT @Remi_V ... 
2018-02-06 23:07:49,938 : INFO : Tweet Litecoin P ... 
2018-02-06 23:07:49,938 : INFO : Tweet RT @Remi_V ... 
2018-02-06 23:07:49,939 : INFO : Tweet Cardano Pr ... 
2018-02-06 23:07:49,940 : INFO : Tweet RT @Remi_V ... 
2018-02-06 23:07:49,940 : INFO : Tweet Status Pri ... 
2018-02-06 23:07:49,941 : INFO : Tweet Ripple Pri ... 
2018-02-06 23:07:49,942 : INFO : Tweet RT @gold_t ... 
2018-02-06 23:07:49,943 : INFO : Tweet RT @Remi_V ... 
2018-02-06 23:07:49,943 : INFO : Tweet Ethereum P ... 
2018-02-06 23:07:49,944 : INFO : Tweet RT @TheCoi ... 
2018-02-06 23:07:49,945 : INFO : Tweet RT @Metis_ ... 
2018-02-06 23:07:49,946 : INFO : Tweet Bitcoin Ca ... 
2018-02-06 23:07:49,947 : INFO : Tweet RT @Metis_ ... 
2018-02-06 23:07:49,947 : INFO : Tweet RT @Metis_ ... 
2018-02-06 23:07:49,948 : INFO : Tweet RT @Metis_ ... 
2018-02-06 23:07:49,949 : INFO : Tweet RT @Metis_ ... 
2018-02-06 23:07:49,950 : INFO : Tweet RT @TheCoi ... 
2018-02-06 23:07:49,950 : INFO : Tweet $WAVES loo ... 
2018-02-06 23:07:49,951 : INFO : Tweet RT @WePowe ... 
2018-02-06 23:07:49,952 : INFO : Tweet RT @appics ... 
2018-02-06 23:07:49,953 : INFO : Tweet RT @TheCoi ... 
2018-02-06 23:07:49,954 : INFO : Tweet RT @TheCoi ... 
2018-02-06 23:07:49,955 : INFO : Tweet RT @TheCoi ... 
2018-02-06 23:07:49,955 : INFO : Tweet RT @TheCoi ... 
2018-02-06 23:07:49,956 : INFO : Tweet RT @TheCoi ... 
2018-02-06 23:07:49,957 : INFO : Tweet #Bitcoin's ... 
2018-02-06 23:07:49,957 : INFO : Tweet Bitcoin Pr ... 
2018-02-06 23:07:49,958 : INFO : Tweet #Bitcoin # ... 
2018-02-06 23:07:49,959 : INFO : Tweet What Is #B ... 
2018-02-06 23:07:49,959 : INFO : Tweet "Bitcoin P ... 
2018-02-06 23:07:49,960 : INFO : Tweet Retweets k ... 
2018-02-06 23:07:49,961 : INFO : Tweet Bitcoin pr ... 
2018-02-06 23:07:49,962 : INFO : Tweet Bitcoin pr ... 
2018-02-06 23:07:49,962 : INFO : Tweet RT @TheCoi ... 
2018-02-06 23:07:49,963 : INFO : Tweet https://t. ... 
2018-02-06 23:07:49,964 : INFO : Tweet RT @TheCoi ... 
2018-02-06 23:07:49,965 : INFO : Tweet RT @Remi_V ... 
2018-02-06 23:07:49,965 : INFO : Tweet Bitcoin Pr ... 
2018-02-06 23:07:49,966 : INFO : Tweet #Bitcoin P ... 
2018-02-06 23:07:49,967 : INFO : Tweet RT @emmahe ... 
2018-02-06 23:07:49,967 : INFO : Tweet BCH/BTC 1. ... 
2018-02-06 23:07:49,968 : INFO : Tweet Every coin ... 
2018-02-06 23:07:49,969 : INFO : Tweet RT @TheCoi ... 
2018-02-06 23:07:49,970 : INFO : Tweet RT @TheCoi ... 
2018-02-06 23:07:49,970 : INFO : Tweet RT @TheCoi ... 
2018-02-06 23:07:49,971 : INFO : Tweet RT @Crypto ... 
2018-02-06 23:07:49,972 : INFO : Tweet RT @TheCoi ... 
2018-02-06 23:07:49,973 : INFO : Tweet Bitcoin Pr ... 
2018-02-06 23:07:49,973 : INFO : Tweet $XLM $IOTA ... 
2018-02-06 23:07:49,974 : INFO : Tweet Bitcoin Pr ... 
2018-02-06 23:07:49,978 : DEBUG : == Collecting Reddit new at 18-02-06 23:07:46 ==
