2018-02-06 23:08:12,583 : DEBUG : == Collecting new Tweets at 18-02-06 23:08:12 ==
2018-02-06 23:08:12,584 : DEBUG : == Writing tweets ==
2018-02-06 23:08:15,424 : INFO : Tweet Bitcoin Pr ... 
2018-02-06 23:08:15,511 : INFO : Tweet Bitcoin is ... 
2018-02-06 23:08:15,512 : INFO : Tweet Next days  ... 
2018-02-06 23:08:15,513 : INFO : Tweet #Blockchai ... 
2018-02-06 23:08:15,514 : INFO : Tweet RT @creamc ... 
2018-02-06 23:08:15,515 : INFO : Tweet RT @creamc ... 
2018-02-06 23:08:15,516 : INFO : Tweet RT @creamc ... 
2018-02-06 23:08:15,517 : INFO : Tweet RT @TheCoi ... 
2018-02-06 23:08:15,518 : INFO : Tweet RT @TheCoi ... 
2018-02-06 23:08:15,518 : INFO : Tweet RT @TheCoi ... 
2018-02-06 23:08:15,519 : INFO : Tweet RT @creamc ... 
2018-02-06 23:08:15,520 : INFO : Tweet #ADT call  ... 
2018-02-06 23:08:15,521 : INFO : Tweet RT @creamc ... 
2018-02-06 23:08:15,522 : INFO : Tweet CREAMJACK  ... 
2018-02-06 23:08:15,523 : INFO : Tweet Bitcoin's  ... 
2018-02-06 23:08:15,523 : INFO : Tweet RT @TheCoi ... 
2018-02-06 23:08:15,524 : INFO : Tweet Bobby Lees ... 
2018-02-06 23:08:15,525 : INFO : Tweet RT @TheCoi ... 
2018-02-06 23:08:15,526 : INFO : Tweet Litecoin P ... 
2018-02-06 23:08:15,526 : INFO : Tweet You can fi ... 
2018-02-06 23:08:15,527 : INFO : Tweet RT @TheCoi ... 
2018-02-06 23:08:15,528 : INFO : Tweet RT @TheCoi ... 
2018-02-06 23:08:15,529 : INFO : Tweet RT @TheCoi ... 
2018-02-06 23:08:15,529 : INFO : Tweet RT @TheCoi ... 
2018-02-06 23:08:15,530 : INFO : Tweet RT @TheCoi ... 
2018-02-06 23:08:15,531 : INFO : Tweet RT @TheCoi ... 
2018-02-06 23:08:15,532 : INFO : Tweet Venture ca ... 
2018-02-06 23:08:15,533 : INFO : Tweet Bitcoin pr ... 
2018-02-06 23:08:15,534 : INFO : Tweet Why I thin ... 
2018-02-06 23:08:15,534 : INFO : Tweet Why I thin ... 
2018-02-06 23:08:15,535 : INFO : Tweet RT @uscryp ... 
2018-02-06 23:08:15,536 : INFO : Tweet RT @Remi_V ... 
2018-02-06 23:08:15,537 : INFO : Tweet RT @Remi_V ... 
2018-02-06 23:08:15,537 : INFO : Tweet Bitcoin Pr ... 
2018-02-06 23:08:15,538 : INFO : Tweet RT @Metis_ ... 
2018-02-06 23:08:15,539 : INFO : Tweet Litecoin p ... 
2018-02-06 23:08:15,540 : INFO : Tweet #Gridcoin  ... 
2018-02-06 23:08:15,540 : INFO : Tweet Bitcoin Pr ... 
2018-02-06 23:08:15,541 : INFO : Tweet RT @Remi_V ... 
2018-02-06 23:08:15,542 : INFO : Tweet Bitcoin pr ... 
2018-02-06 23:08:15,543 : INFO : Tweet RT @Remi_V ... 
2018-02-06 23:08:15,544 : INFO : Tweet Litecoin P ... 
2018-02-06 23:08:15,545 : INFO : Tweet RT @Remi_V ... 
2018-02-06 23:08:15,546 : INFO : Tweet Cardano Pr ... 
2018-02-06 23:08:15,546 : INFO : Tweet RT @Remi_V ... 
2018-02-06 23:08:15,547 : INFO : Tweet Status Pri ... 
2018-02-06 23:08:15,548 : INFO : Tweet Ripple Pri ... 
2018-02-06 23:08:15,549 : INFO : Tweet RT @gold_t ... 
2018-02-06 23:08:15,550 : INFO : Tweet RT @Remi_V ... 
2018-02-06 23:08:15,550 : INFO : Tweet Ethereum P ... 
2018-02-06 23:08:15,551 : INFO : Tweet RT @TheCoi ... 
2018-02-06 23:08:15,552 : INFO : Tweet RT @Metis_ ... 
2018-02-06 23:08:15,553 : INFO : Tweet Bitcoin Ca ... 
2018-02-06 23:08:15,553 : INFO : Tweet RT @Metis_ ... 
2018-02-06 23:08:15,554 : INFO : Tweet RT @Metis_ ... 
2018-02-06 23:08:15,555 : INFO : Tweet RT @Metis_ ... 
2018-02-06 23:08:15,556 : INFO : Tweet RT @Metis_ ... 
2018-02-06 23:08:15,556 : INFO : Tweet RT @TheCoi ... 
2018-02-06 23:08:15,557 : INFO : Tweet $WAVES loo ... 
2018-02-06 23:08:15,558 : INFO : Tweet RT @WePowe ... 
2018-02-06 23:08:15,558 : INFO : Tweet RT @appics ... 
2018-02-06 23:08:15,559 : INFO : Tweet RT @TheCoi ... 
2018-02-06 23:08:15,560 : INFO : Tweet RT @TheCoi ... 
2018-02-06 23:08:15,561 : INFO : Tweet RT @TheCoi ... 
2018-02-06 23:08:15,561 : INFO : Tweet RT @TheCoi ... 
2018-02-06 23:08:15,562 : INFO : Tweet RT @TheCoi ... 
2018-02-06 23:08:15,563 : INFO : Tweet #Bitcoin's ... 
2018-02-06 23:08:15,564 : INFO : Tweet Bitcoin Pr ... 
2018-02-06 23:08:15,564 : INFO : Tweet #Bitcoin # ... 
2018-02-06 23:08:15,565 : INFO : Tweet What Is #B ... 
2018-02-06 23:08:15,566 : INFO : Tweet "Bitcoin P ... 
2018-02-06 23:08:15,567 : INFO : Tweet Retweets k ... 
2018-02-06 23:08:15,567 : INFO : Tweet Bitcoin pr ... 
2018-02-06 23:08:15,568 : INFO : Tweet Bitcoin pr ... 
2018-02-06 23:08:15,569 : INFO : Tweet RT @TheCoi ... 
2018-02-06 23:08:15,569 : INFO : Tweet https://t. ... 
2018-02-06 23:08:15,570 : INFO : Tweet RT @TheCoi ... 
2018-02-06 23:08:15,571 : INFO : Tweet RT @Remi_V ... 
2018-02-06 23:08:15,571 : INFO : Tweet Bitcoin Pr ... 
2018-02-06 23:08:15,572 : INFO : Tweet #Bitcoin P ... 
2018-02-06 23:08:15,573 : INFO : Tweet RT @emmahe ... 
2018-02-06 23:08:15,573 : INFO : Tweet BCH/BTC 1. ... 
2018-02-06 23:08:15,574 : INFO : Tweet Every coin ... 
2018-02-06 23:08:15,575 : INFO : Tweet RT @TheCoi ... 
2018-02-06 23:08:15,575 : INFO : Tweet RT @TheCoi ... 
2018-02-06 23:08:15,576 : INFO : Tweet RT @TheCoi ... 
2018-02-06 23:08:15,577 : INFO : Tweet RT @Crypto ... 
2018-02-06 23:08:15,578 : INFO : Tweet RT @TheCoi ... 
2018-02-06 23:08:15,578 : INFO : Tweet Bitcoin Pr ... 
2018-02-06 23:08:15,579 : INFO : Tweet $XLM $IOTA ... 
2018-02-06 23:08:15,580 : INFO : Tweet Bitcoin Pr ... 
2018-02-06 23:08:15,583 : DEBUG : == Collecting Reddit new at 18-02-06 23:08:12 ==
