2018-02-07 14:30:30,108 : DEBUG : == Collecting new Tweets at 18-02-07 14:30:30 ==
2018-02-07 14:30:30,109 : DEBUG : == Writing tweets ==
2018-02-07 14:30:31,757 : INFO : Tweet RT @TheCoi ... 
2018-02-07 14:30:31,856 : INFO : Tweet RT @Crypto ... 
2018-02-07 14:30:31,857 : INFO : Tweet RT @TheCoi ... 
2018-02-07 14:30:31,858 : INFO : Tweet RT @GronDi ... 
2018-02-07 14:30:31,859 : INFO : Tweet RT @CN_Tra ... 
2018-02-07 14:30:31,860 : INFO : Tweet Current pr ... 
2018-02-07 14:30:31,861 : INFO : Tweet RT @dino_v ... 
2018-02-07 14:30:31,862 : INFO : Tweet Cardano Pr ... 
2018-02-07 14:30:31,862 : INFO : Tweet #BITRACE h ... 
2018-02-07 14:30:31,863 : INFO : Tweet https://t. ... 
2018-02-07 14:30:31,864 : INFO : Tweet TRON Price ... 
2018-02-07 14:30:31,865 : INFO : Tweet RT @JackCr ... 
2018-02-07 14:30:31,866 : INFO : Tweet RT @CN_Tra ... 
2018-02-07 14:30:31,867 : INFO : Tweet @jgarzik @ ... 
2018-02-07 14:30:31,867 : INFO : Tweet RT @CN_Tra ... 
2018-02-07 14:30:31,868 : INFO : Tweet #Bitcoin p ... 
2018-02-07 14:30:31,870 : INFO : Tweet Ripple Pri ... 
2018-02-07 14:30:31,871 : INFO : Tweet RT @dino_v ... 
2018-02-07 14:30:31,872 : INFO : Tweet RT @dino_v ... 
2018-02-07 14:30:31,873 : INFO : Tweet Retweets k ... 
2018-02-07 14:30:31,874 : INFO : Tweet RT @dino_v ... 
2018-02-07 14:30:31,875 : INFO : Tweet RT @dino_v ... 
2018-02-07 14:30:31,876 : INFO : Tweet Ethereum P ... 
2018-02-07 14:30:31,876 : INFO : Tweet Crypto ana ... 
2018-02-07 14:30:31,877 : INFO : Tweet "Some comp ... 
2018-02-07 14:30:31,878 : INFO : Tweet RT @Remi_V ... 
2018-02-07 14:30:31,879 : INFO : Tweet RT @Remi_V ... 
2018-02-07 14:30:31,880 : INFO : Tweet Bitcoin Ca ... 
2018-02-07 14:30:31,881 : INFO : Tweet RT @FXstre ... 
2018-02-07 14:30:31,882 : INFO : Tweet https://t. ... 
2018-02-07 14:30:31,883 : INFO : Tweet RT @TheCoi ... 
2018-02-07 14:30:31,883 : INFO : Tweet Newsflash: ... 
2018-02-07 14:30:31,884 : INFO : Tweet RT @FXstre ... 
2018-02-07 14:30:31,885 : INFO : Tweet #Bitcoin,  ... 
2018-02-07 14:30:31,886 : INFO : Tweet RT @crypto ... 
2018-02-07 14:30:31,886 : INFO : Tweet #Bitcoin p ... 
2018-02-07 14:30:31,887 : INFO : Tweet Newsflash: ... 
2018-02-07 14:30:31,888 : INFO : Tweet RT @TheCoi ... 
2018-02-07 14:30:31,889 : INFO : Tweet Crypto ana ... 
2018-02-07 14:30:31,889 : INFO : Tweet RT @TheCoi ... 
2018-02-07 14:30:31,890 : INFO : Tweet Commentary ... 
2018-02-07 14:30:31,891 : INFO : Tweet RT @GronDi ... 
2018-02-07 14:30:31,892 : INFO : Tweet Bitcoin Ca ... 
2018-02-07 14:30:31,893 : INFO : Tweet RT @creamc ... 
2018-02-07 14:30:31,893 : INFO : Tweet Buckle-up  ... 
2018-02-07 14:30:31,894 : INFO : Tweet https://t. ... 
2018-02-07 14:30:31,895 : INFO : Tweet Crypto cur ... 
2018-02-07 14:30:31,895 : INFO : Tweet NEO Price  ... 
2018-02-07 14:30:31,896 : INFO : Tweet #Bitcoin p ... 
2018-02-07 14:30:31,897 : INFO : Tweet #ENG call  ... 
2018-02-07 14:30:31,898 : INFO : Tweet -Euro Sess ... 
2018-02-07 14:30:31,898 : INFO : Tweet RT @TheCoi ... 
2018-02-07 14:30:31,899 : INFO : Tweet RT @baceex ... 
2018-02-07 14:30:31,900 : INFO : Tweet "To summar ... 
2018-02-07 14:30:31,900 : INFO : Tweet Cryptocurr ... 
2018-02-07 14:30:31,901 : INFO : Tweet Bitcoin Pr ... 
2018-02-07 14:30:31,902 : INFO : Tweet Bitcoin Pr ... 
2018-02-07 14:30:31,903 : INFO : Tweet RT @Remi_V ... 
2018-02-07 14:30:31,904 : INFO : Tweet Ethereum P ... 
2018-02-07 14:30:31,904 : INFO : Tweet #NEO call  ... 
2018-02-07 14:30:31,905 : INFO : Tweet RT @creamc ... 
2018-02-07 14:30:31,906 : INFO : Tweet #Bitcoin # ... 
2018-02-07 14:30:31,906 : INFO : Tweet RT @crypto ... 
2018-02-07 14:30:31,907 : INFO : Tweet RT @crypto ... 
2018-02-07 14:30:31,908 : INFO : Tweet RT @crypto ... 
2018-02-07 14:30:31,909 : INFO : Tweet What's the ... 
2018-02-07 14:30:31,909 : INFO : Tweet Ethereum P ... 
2018-02-07 14:30:31,910 : INFO : Tweet Check out  ... 
2018-02-07 14:30:31,911 : INFO : Tweet RT @Remi_V ... 
2018-02-07 14:30:31,911 : INFO : Tweet Bitcoin Pr ... 
2018-02-07 14:30:31,912 : INFO : Tweet RT @creamc ... 
2018-02-07 14:30:31,913 : INFO : Tweet RT @creamc ... 
2018-02-07 14:30:31,914 : INFO : Tweet RT @creamc ... 
2018-02-07 14:30:31,915 : INFO : Tweet #BITRACE T ... 
2018-02-07 14:30:31,915 : INFO : Tweet RT @creamc ... 
2018-02-07 14:30:31,916 : INFO : Tweet RT @crypto ... 
2018-02-07 14:30:31,926 : DEBUG : == Collecting Reddit new at 18-02-07 14:30:30 ==
