2018-02-06 23:04:02,433 : DEBUG : == Collecting new Tweets at 18-02-06 23:04:02 ==
2018-02-06 23:04:02,434 : DEBUG : == Writing tweets ==
2018-02-06 23:04:04,139 : INFO : Tweet Next days  ... 
2018-02-06 23:04:04,236 : INFO : Tweet #Blockchai ... 
2018-02-06 23:04:04,237 : INFO : Tweet RT @creamc ... 
2018-02-06 23:04:04,238 : INFO : Tweet RT @creamc ... 
2018-02-06 23:04:04,239 : INFO : Tweet RT @creamc ... 
2018-02-06 23:04:04,240 : INFO : Tweet RT @TheCoi ... 
2018-02-06 23:04:04,241 : INFO : Tweet RT @TheCoi ... 
2018-02-06 23:04:04,242 : INFO : Tweet RT @TheCoi ... 
2018-02-06 23:04:04,242 : INFO : Tweet RT @creamc ... 
2018-02-06 23:04:04,243 : INFO : Tweet #ADT call  ... 
2018-02-06 23:04:04,244 : INFO : Tweet RT @creamc ... 
2018-02-06 23:04:04,245 : INFO : Tweet CREAMJACK  ... 
2018-02-06 23:04:04,246 : INFO : Tweet Bitcoin's  ... 
2018-02-06 23:04:04,246 : INFO : Tweet RT @TheCoi ... 
2018-02-06 23:04:04,247 : INFO : Tweet Bobby Lees ... 
2018-02-06 23:04:04,248 : INFO : Tweet RT @TheCoi ... 
2018-02-06 23:04:04,249 : INFO : Tweet Litecoin P ... 
2018-02-06 23:04:04,250 : INFO : Tweet You can fi ... 
2018-02-06 23:04:04,251 : INFO : Tweet RT @TheCoi ... 
2018-02-06 23:04:04,252 : INFO : Tweet RT @TheCoi ... 
2018-02-06 23:04:04,253 : INFO : Tweet RT @TheCoi ... 
2018-02-06 23:04:04,254 : INFO : Tweet RT @TheCoi ... 
2018-02-06 23:04:04,254 : INFO : Tweet RT @TheCoi ... 
2018-02-06 23:04:04,255 : INFO : Tweet RT @TheCoi ... 
2018-02-06 23:04:04,256 : INFO : Tweet Venture ca ... 
2018-02-06 23:04:04,257 : INFO : Tweet Bitcoin pr ... 
2018-02-06 23:04:04,258 : INFO : Tweet Why I thin ... 
2018-02-06 23:04:04,258 : INFO : Tweet Why I thin ... 
2018-02-06 23:04:04,259 : INFO : Tweet RT @uscryp ... 
2018-02-06 23:04:04,260 : INFO : Tweet RT @Remi_V ... 
2018-02-06 23:04:04,261 : INFO : Tweet RT @Remi_V ... 
2018-02-06 23:04:04,261 : INFO : Tweet Bitcoin Pr ... 
2018-02-06 23:04:04,262 : INFO : Tweet RT @Metis_ ... 
2018-02-06 23:04:04,263 : INFO : Tweet Litecoin p ... 
2018-02-06 23:04:04,264 : INFO : Tweet #Gridcoin  ... 
2018-02-06 23:04:04,264 : INFO : Tweet Bitcoin Pr ... 
2018-02-06 23:04:04,265 : INFO : Tweet RT @Remi_V ... 
2018-02-06 23:04:04,266 : INFO : Tweet Bitcoin pr ... 
2018-02-06 23:04:04,267 : INFO : Tweet RT @Remi_V ... 
2018-02-06 23:04:04,267 : INFO : Tweet Litecoin P ... 
2018-02-06 23:04:04,268 : INFO : Tweet RT @Remi_V ... 
2018-02-06 23:04:04,269 : INFO : Tweet Cardano Pr ... 
2018-02-06 23:04:04,270 : INFO : Tweet RT @Remi_V ... 
2018-02-06 23:04:04,271 : INFO : Tweet Status Pri ... 
2018-02-06 23:04:04,271 : INFO : Tweet Ripple Pri ... 
2018-02-06 23:04:04,272 : INFO : Tweet RT @gold_t ... 
2018-02-06 23:04:04,273 : INFO : Tweet RT @Remi_V ... 
2018-02-06 23:04:04,274 : INFO : Tweet Ethereum P ... 
2018-02-06 23:04:04,275 : INFO : Tweet RT @TheCoi ... 
2018-02-06 23:04:04,276 : INFO : Tweet RT @Metis_ ... 
2018-02-06 23:04:04,277 : INFO : Tweet Bitcoin Ca ... 
2018-02-06 23:04:04,278 : INFO : Tweet RT @Metis_ ... 
2018-02-06 23:04:04,279 : INFO : Tweet RT @Metis_ ... 
2018-02-06 23:04:04,279 : INFO : Tweet RT @Metis_ ... 
2018-02-06 23:04:04,280 : INFO : Tweet RT @Metis_ ... 
2018-02-06 23:04:04,281 : INFO : Tweet RT @TheCoi ... 
2018-02-06 23:04:04,282 : INFO : Tweet $WAVES loo ... 
2018-02-06 23:04:04,282 : INFO : Tweet RT @WePowe ... 
2018-02-06 23:04:04,283 : INFO : Tweet RT @appics ... 
2018-02-06 23:04:04,284 : INFO : Tweet RT @TheCoi ... 
2018-02-06 23:04:04,285 : INFO : Tweet RT @TheCoi ... 
2018-02-06 23:04:04,285 : INFO : Tweet RT @TheCoi ... 
2018-02-06 23:04:04,286 : INFO : Tweet RT @TheCoi ... 
2018-02-06 23:04:04,287 : INFO : Tweet RT @TheCoi ... 
2018-02-06 23:04:04,288 : INFO : Tweet #Bitcoin's ... 
2018-02-06 23:04:04,288 : INFO : Tweet Bitcoin Pr ... 
2018-02-06 23:04:04,289 : INFO : Tweet #Bitcoin # ... 
2018-02-06 23:04:04,290 : INFO : Tweet What Is #B ... 
2018-02-06 23:04:04,290 : INFO : Tweet "Bitcoin P ... 
2018-02-06 23:04:04,291 : INFO : Tweet Retweets k ... 
2018-02-06 23:04:04,292 : INFO : Tweet Bitcoin pr ... 
2018-02-06 23:04:04,292 : INFO : Tweet Bitcoin pr ... 
2018-02-06 23:04:04,293 : INFO : Tweet RT @TheCoi ... 
2018-02-06 23:04:04,294 : INFO : Tweet https://t. ... 
2018-02-06 23:04:04,294 : INFO : Tweet RT @TheCoi ... 
2018-02-06 23:04:04,295 : INFO : Tweet RT @Remi_V ... 
2018-02-06 23:04:04,296 : INFO : Tweet Bitcoin Pr ... 
2018-02-06 23:04:04,296 : INFO : Tweet #Bitcoin P ... 
2018-02-06 23:04:04,297 : INFO : Tweet RT @emmahe ... 
2018-02-06 23:04:04,298 : INFO : Tweet BCH/BTC 1. ... 
2018-02-06 23:04:04,299 : INFO : Tweet Every coin ... 
2018-02-06 23:04:04,299 : INFO : Tweet RT @TheCoi ... 
2018-02-06 23:04:04,300 : INFO : Tweet RT @TheCoi ... 
2018-02-06 23:04:04,301 : INFO : Tweet RT @TheCoi ... 
2018-02-06 23:04:04,301 : INFO : Tweet RT @Crypto ... 
2018-02-06 23:04:04,302 : INFO : Tweet RT @TheCoi ... 
2018-02-06 23:04:04,303 : INFO : Tweet Bitcoin Pr ... 
2018-02-06 23:04:04,303 : INFO : Tweet $XLM $IOTA ... 
2018-02-06 23:04:04,304 : INFO : Tweet Bitcoin Pr ... 
2018-02-06 23:04:04,305 : INFO : Tweet Bitcoin's  ... 
2018-02-06 23:04:04,305 : INFO : Tweet RT @kuriha ... 
2018-02-06 23:04:04,306 : INFO : Tweet Making bet ... 
2018-02-06 23:04:04,307 : INFO : Tweet RT @TheCoi ... 
2018-02-06 23:04:04,310 : DEBUG : == Collecting Reddit new at 18-02-06 23:04:02 ==
