2018-02-06 23:11:49,427 : DEBUG : == Collecting new Tweets at 18-02-06 23:11:49 ==
2018-02-06 23:11:49,428 : DEBUG : == Writing tweets ==
2018-02-06 23:11:54,244 : INFO : Tweet Bitcoin Pr ... 
2018-02-06 23:11:54,333 : INFO : Tweet Bitcoin is ... 
2018-02-06 23:11:54,334 : INFO : Tweet Next days  ... 
2018-02-06 23:11:54,335 : INFO : Tweet #Blockchai ... 
2018-02-06 23:11:54,336 : INFO : Tweet RT @creamc ... 
2018-02-06 23:11:54,337 : INFO : Tweet RT @creamc ... 
2018-02-06 23:11:54,338 : INFO : Tweet RT @creamc ... 
2018-02-06 23:11:54,339 : INFO : Tweet RT @TheCoi ... 
2018-02-06 23:11:54,340 : INFO : Tweet RT @TheCoi ... 
2018-02-06 23:11:54,341 : INFO : Tweet RT @TheCoi ... 
2018-02-06 23:11:54,342 : INFO : Tweet RT @creamc ... 
2018-02-06 23:11:54,343 : INFO : Tweet #ADT call  ... 
2018-02-06 23:11:54,344 : INFO : Tweet RT @creamc ... 
2018-02-06 23:11:54,344 : INFO : Tweet CREAMJACK  ... 
2018-02-06 23:11:54,345 : INFO : Tweet Bitcoin's  ... 
2018-02-06 23:11:54,346 : INFO : Tweet RT @TheCoi ... 
2018-02-06 23:11:54,347 : INFO : Tweet Bobby Lees ... 
2018-02-06 23:11:54,348 : INFO : Tweet RT @TheCoi ... 
2018-02-06 23:11:54,348 : INFO : Tweet Litecoin P ... 
2018-02-06 23:11:54,349 : INFO : Tweet You can fi ... 
2018-02-06 23:11:54,350 : INFO : Tweet RT @TheCoi ... 
2018-02-06 23:11:54,351 : INFO : Tweet RT @TheCoi ... 
2018-02-06 23:11:54,351 : INFO : Tweet RT @TheCoi ... 
2018-02-06 23:11:54,352 : INFO : Tweet RT @TheCoi ... 
2018-02-06 23:11:54,353 : INFO : Tweet RT @TheCoi ... 
2018-02-06 23:11:54,354 : INFO : Tweet RT @TheCoi ... 
2018-02-06 23:11:54,354 : INFO : Tweet Venture ca ... 
2018-02-06 23:11:54,355 : INFO : Tweet Bitcoin pr ... 
2018-02-06 23:11:54,356 : INFO : Tweet Why I thin ... 
2018-02-06 23:11:54,357 : INFO : Tweet Why I thin ... 
2018-02-06 23:11:54,357 : INFO : Tweet RT @uscryp ... 
2018-02-06 23:11:54,358 : INFO : Tweet RT @Remi_V ... 
2018-02-06 23:11:54,359 : INFO : Tweet RT @Remi_V ... 
2018-02-06 23:11:54,359 : INFO : Tweet Bitcoin Pr ... 
2018-02-06 23:11:54,360 : INFO : Tweet RT @Metis_ ... 
2018-02-06 23:11:54,361 : INFO : Tweet Litecoin p ... 
2018-02-06 23:11:54,362 : INFO : Tweet #Gridcoin  ... 
2018-02-06 23:11:54,362 : INFO : Tweet Bitcoin Pr ... 
2018-02-06 23:11:54,363 : INFO : Tweet RT @Remi_V ... 
2018-02-06 23:11:54,364 : INFO : Tweet Bitcoin pr ... 
2018-02-06 23:11:54,364 : INFO : Tweet RT @Remi_V ... 
2018-02-06 23:11:54,365 : INFO : Tweet Litecoin P ... 
2018-02-06 23:11:54,366 : INFO : Tweet RT @Remi_V ... 
2018-02-06 23:11:54,366 : INFO : Tweet Cardano Pr ... 
2018-02-06 23:11:54,368 : INFO : Tweet RT @Remi_V ... 
2018-02-06 23:11:54,369 : INFO : Tweet Status Pri ... 
2018-02-06 23:11:54,369 : INFO : Tweet Ripple Pri ... 
2018-02-06 23:11:54,370 : INFO : Tweet RT @gold_t ... 
2018-02-06 23:11:54,371 : INFO : Tweet RT @Remi_V ... 
2018-02-06 23:11:54,371 : INFO : Tweet Ethereum P ... 
2018-02-06 23:11:54,372 : INFO : Tweet RT @TheCoi ... 
2018-02-06 23:11:54,373 : INFO : Tweet RT @Metis_ ... 
2018-02-06 23:11:54,373 : INFO : Tweet Bitcoin Ca ... 
2018-02-06 23:11:54,374 : INFO : Tweet RT @Metis_ ... 
2018-02-06 23:11:54,375 : INFO : Tweet RT @Metis_ ... 
2018-02-06 23:11:54,376 : INFO : Tweet RT @Metis_ ... 
2018-02-06 23:11:54,376 : INFO : Tweet RT @Metis_ ... 
2018-02-06 23:11:54,377 : INFO : Tweet RT @TheCoi ... 
2018-02-06 23:11:54,378 : INFO : Tweet $WAVES loo ... 
2018-02-06 23:11:54,379 : INFO : Tweet RT @WePowe ... 
2018-02-06 23:11:54,380 : INFO : Tweet RT @appics ... 
2018-02-06 23:11:54,381 : INFO : Tweet RT @TheCoi ... 
2018-02-06 23:11:54,382 : INFO : Tweet RT @TheCoi ... 
2018-02-06 23:11:54,382 : INFO : Tweet RT @TheCoi ... 
2018-02-06 23:11:54,383 : INFO : Tweet RT @TheCoi ... 
2018-02-06 23:11:54,384 : INFO : Tweet RT @TheCoi ... 
2018-02-06 23:11:54,385 : INFO : Tweet #Bitcoin's ... 
2018-02-06 23:11:54,385 : INFO : Tweet Bitcoin Pr ... 
2018-02-06 23:11:54,386 : INFO : Tweet #Bitcoin # ... 
2018-02-06 23:11:54,387 : INFO : Tweet What Is #B ... 
2018-02-06 23:11:54,388 : INFO : Tweet "Bitcoin P ... 
2018-02-06 23:11:54,388 : INFO : Tweet Retweets k ... 
2018-02-06 23:11:54,389 : INFO : Tweet Bitcoin pr ... 
2018-02-06 23:11:54,390 : INFO : Tweet Bitcoin pr ... 
2018-02-06 23:11:54,390 : INFO : Tweet RT @TheCoi ... 
2018-02-06 23:11:54,391 : INFO : Tweet https://t. ... 
2018-02-06 23:11:54,392 : INFO : Tweet RT @TheCoi ... 
2018-02-06 23:11:54,392 : INFO : Tweet RT @Remi_V ... 
2018-02-06 23:11:54,393 : INFO : Tweet Bitcoin Pr ... 
2018-02-06 23:11:54,394 : INFO : Tweet #Bitcoin P ... 
2018-02-06 23:11:54,394 : INFO : Tweet RT @emmahe ... 
2018-02-06 23:11:54,395 : INFO : Tweet BCH/BTC 1. ... 
2018-02-06 23:11:54,396 : INFO : Tweet Every coin ... 
2018-02-06 23:11:54,397 : INFO : Tweet RT @TheCoi ... 
2018-02-06 23:11:54,397 : INFO : Tweet RT @TheCoi ... 
2018-02-06 23:11:54,398 : INFO : Tweet RT @TheCoi ... 
2018-02-06 23:11:54,399 : INFO : Tweet RT @Crypto ... 
2018-02-06 23:11:54,400 : INFO : Tweet RT @TheCoi ... 
2018-02-06 23:11:54,400 : INFO : Tweet Bitcoin Pr ... 
2018-02-06 23:11:54,401 : INFO : Tweet $XLM $IOTA ... 
2018-02-06 23:11:54,404 : DEBUG : == Collecting Reddit new at 18-02-06 23:11:49 ==
2018-02-06 23:11:57,166 : INFO : collect
2018-02-06 23:11:57,166 : INFO : collect:7.738959074020386
2018-02-06 23:11:57,166 : DEBUG : == Collecting BitCoin information at 18-02-06 23:11:57 ==
2018-02-06 23:11:58,367 : INFO : ['7.3', 'BTC', '16850237.0', '1', '1517954965', '129674031876'] ...
2018-02-06 23:11:58,786 : INFO : [7642.57, 7639.3, 7639.3, 7636.02, '$'] ...
