2018-02-06 14:51:50,705 : INFO : Collecting new Tweets at 18-02-06 14:51:50 ...
2018-02-06 14:51:51,707 : INFO : Writing tweets ...
2018-02-06 14:51:51,707 : INFO : Tweet Bitcoin Pr ... 
2018-02-06 14:51:51,791 : INFO : Tweet RT @TheCoi ... 
2018-02-06 14:51:51,792 : INFO : Tweet RT @UrkoKu ... 
2018-02-06 14:51:51,793 : INFO : Tweet RT @UrkoKu ... 
2018-02-06 14:51:51,793 : INFO : Tweet @Viberate_ ... 
2018-02-06 14:51:51,794 : INFO : Tweet $IOTA $BTC ... 
2018-02-06 14:51:51,795 : INFO : Tweet $poe $BTC  ... 
2018-02-06 14:51:51,796 : INFO : Tweet RT @crypto ... 
2018-02-06 14:51:51,797 : INFO : Tweet $BTC $ETH  ... 
2018-02-06 14:51:51,797 : INFO : Tweet RT @TheCoi ... 
2018-02-06 14:51:51,798 : INFO : Tweet Status Pri ... 
2018-02-06 14:51:51,799 : INFO : Tweet Bitcoin pr ... 
2018-02-06 14:51:51,800 : INFO : Tweet Ethereum C ... 
2018-02-06 14:51:51,800 : INFO : Tweet RT @Crypto ... 
2018-02-06 14:51:51,801 : INFO : Tweet Bitcoin pr ... 
2018-02-06 14:51:51,802 : INFO : Tweet Bitcoin Pr ... 
2018-02-06 14:51:51,803 : INFO : Tweet Check. #Bi ... 
2018-02-06 14:51:51,803 : INFO : Tweet WCN Live S ... 
2018-02-06 14:51:51,804 : INFO : Tweet RT @Bitrac ... 
2018-02-06 14:51:51,805 : INFO : Tweet RT @crypto ... 
2018-02-06 14:51:51,806 : INFO : Tweet RT @crypto ... 
2018-02-06 14:51:51,806 : INFO : Tweet RT @Bitrac ... 
2018-02-06 14:51:51,807 : INFO : Tweet RT @Bitrac ... 
2018-02-06 14:51:51,808 : INFO : Tweet More Bulli ... 
2018-02-06 14:51:51,809 : INFO : Tweet RT @crypto ... 
2018-02-06 14:51:51,809 : INFO : Tweet RT @btc_up ... 
2018-02-06 14:51:51,810 : INFO : Tweet Ripple Pri ... 
2018-02-06 14:51:51,811 : INFO : Tweet Bitcoin pr ... 
2018-02-06 14:51:51,812 : INFO : Tweet RT @XVGDol ... 
2018-02-06 14:51:51,813 : INFO : Tweet Bitcoin Pr ... 
2018-02-06 14:51:51,813 : INFO : Tweet When was t ... 
2018-02-06 14:51:51,814 : INFO : Tweet As 2011 en ... 
2018-02-06 14:51:51,815 : INFO : Tweet The Bitcoi ... 
2018-02-06 14:51:51,816 : INFO : Tweet RT @Ripple ... 
2018-02-06 14:51:51,816 : INFO : Tweet RT @Crypto ... 
2018-02-06 14:51:51,817 : INFO : Tweet Ripple pri ... 
2018-02-06 14:51:51,818 : INFO : Tweet Ripple pri ... 
2018-02-06 14:51:51,819 : INFO : Tweet Ripple pri ... 
2018-02-06 14:51:51,819 : INFO : Tweet Bitcoin Pr ... 
2018-02-06 14:51:51,820 : INFO : Tweet Check out  ... 
2018-02-06 14:51:51,821 : INFO : Tweet Ethereum P ... 
2018-02-06 14:51:51,822 : INFO : Tweet RT @Bitrac ... 
2018-02-06 14:51:51,822 : INFO : Tweet Bitcoin is ... 
2018-02-06 14:51:51,823 : INFO : Tweet Bitcoin Ca ... 
2018-02-06 14:51:51,824 : INFO : Tweet RT @Bitrac ... 
2018-02-06 14:51:51,825 : INFO : Tweet RT @crypto ... 
2018-02-06 14:51:51,825 : INFO : Tweet #Bitcoin i ... 
2018-02-06 14:51:51,826 : INFO : Tweet Gifto( @gi ... 
2018-02-06 14:51:51,827 : INFO : Tweet RT @Bitrac ... 
2018-02-06 14:51:51,828 : INFO : Tweet RT @mclynd ... 
2018-02-06 14:51:51,828 : INFO : Tweet #Bitcoin # ... 
2018-02-06 14:51:51,829 : INFO : Tweet #bitcoin h ... 
2018-02-06 14:51:51,830 : INFO : Tweet #Bitcoin P ... 
2018-02-06 14:51:51,831 : INFO : Tweet Bitcoin's  ... 
2018-02-06 14:51:51,831 : INFO : Tweet Bitcoin Pr ... 
2018-02-06 14:51:51,832 : INFO : Tweet Bitcoin's  ... 
2018-02-06 14:51:51,833 : INFO : Tweet Bitcoin Pr ... 
2018-02-06 14:51:51,833 : INFO : Tweet Bitcoin Ca ... 
2018-02-06 14:51:51,834 : INFO : Tweet RT @uscryp ... 
2018-02-06 14:51:51,835 : INFO : Tweet RT @Remi_V ... 
2018-02-06 14:51:51,836 : INFO : Tweet RT @uscryp ... 
2018-02-06 14:51:51,836 : INFO : Tweet RT @Remi_V ... 
2018-02-06 14:51:51,837 : INFO : Tweet Bitcoin Pr ... 
2018-02-06 14:51:51,838 : INFO : Tweet RT @uscryp ... 
2018-02-06 14:51:51,839 : INFO : Tweet *FACEBOOK  ... 
2018-02-06 14:51:51,839 : INFO : Tweet Calvin Ayr ... 
2018-02-06 14:51:51,840 : INFO : Tweet Bitcoin's  ... 
2018-02-06 14:51:51,840 : INFO : Tweet Study Find ... 
2018-02-06 14:51:51,841 : INFO : Tweet RT @Krypto ... 
2018-02-06 14:51:51,842 : INFO : Tweet Study Find ... 
2018-02-06 14:51:51,843 : INFO : Tweet Bitcoin Pr ... 
2018-02-06 14:51:51,843 : INFO : Tweet @CryptoMir ... 
2018-02-06 14:51:51,844 : INFO : Tweet RT @Krypto ... 
2018-02-06 14:51:51,845 : INFO : Tweet RT @Crypto ... 
2018-02-06 14:51:51,845 : INFO : Tweet RT @abusa1 ... 
2018-02-06 14:51:51,846 : INFO : Tweet $html #HTM ... 
2018-02-06 14:51:51,847 : INFO : Tweet Bitcoi Pri ... 
