2018-02-06 23:09:48,861 : DEBUG : == Collecting new Tweets at 18-02-06 23:09:48 ==
2018-02-06 23:09:48,861 : DEBUG : == Writing tweets ==
2018-02-06 23:09:50,717 : INFO : Tweet Bitcoin Pr ... 
2018-02-06 23:09:50,805 : INFO : Tweet Bitcoin is ... 
2018-02-06 23:09:50,806 : INFO : Tweet Next days  ... 
2018-02-06 23:09:50,807 : INFO : Tweet #Blockchai ... 
2018-02-06 23:09:50,808 : INFO : Tweet RT @creamc ... 
2018-02-06 23:09:50,809 : INFO : Tweet RT @creamc ... 
2018-02-06 23:09:50,810 : INFO : Tweet RT @creamc ... 
2018-02-06 23:09:50,810 : INFO : Tweet RT @TheCoi ... 
2018-02-06 23:09:50,811 : INFO : Tweet RT @TheCoi ... 
2018-02-06 23:09:50,812 : INFO : Tweet RT @TheCoi ... 
2018-02-06 23:09:50,813 : INFO : Tweet RT @creamc ... 
2018-02-06 23:09:50,814 : INFO : Tweet #ADT call  ... 
2018-02-06 23:09:50,814 : INFO : Tweet RT @creamc ... 
2018-02-06 23:09:50,815 : INFO : Tweet CREAMJACK  ... 
2018-02-06 23:09:50,816 : INFO : Tweet Bitcoin's  ... 
2018-02-06 23:09:50,817 : INFO : Tweet RT @TheCoi ... 
2018-02-06 23:09:50,817 : INFO : Tweet Bobby Lees ... 
2018-02-06 23:09:50,818 : INFO : Tweet RT @TheCoi ... 
2018-02-06 23:09:50,819 : INFO : Tweet Litecoin P ... 
2018-02-06 23:09:50,820 : INFO : Tweet You can fi ... 
2018-02-06 23:09:50,820 : INFO : Tweet RT @TheCoi ... 
2018-02-06 23:09:50,821 : INFO : Tweet RT @TheCoi ... 
2018-02-06 23:09:50,822 : INFO : Tweet RT @TheCoi ... 
2018-02-06 23:09:50,823 : INFO : Tweet RT @TheCoi ... 
2018-02-06 23:09:50,823 : INFO : Tweet RT @TheCoi ... 
2018-02-06 23:09:50,824 : INFO : Tweet RT @TheCoi ... 
2018-02-06 23:09:50,825 : INFO : Tweet Venture ca ... 
2018-02-06 23:09:50,826 : INFO : Tweet Bitcoin pr ... 
2018-02-06 23:09:50,826 : INFO : Tweet Why I thin ... 
2018-02-06 23:09:50,827 : INFO : Tweet Why I thin ... 
2018-02-06 23:09:50,828 : INFO : Tweet RT @uscryp ... 
2018-02-06 23:09:50,828 : INFO : Tweet RT @Remi_V ... 
2018-02-06 23:09:50,829 : INFO : Tweet RT @Remi_V ... 
2018-02-06 23:09:50,831 : INFO : Tweet Bitcoin Pr ... 
2018-02-06 23:09:50,832 : INFO : Tweet RT @Metis_ ... 
2018-02-06 23:09:50,832 : INFO : Tweet Litecoin p ... 
2018-02-06 23:09:50,833 : INFO : Tweet #Gridcoin  ... 
2018-02-06 23:09:50,834 : INFO : Tweet Bitcoin Pr ... 
2018-02-06 23:09:50,834 : INFO : Tweet RT @Remi_V ... 
2018-02-06 23:09:50,835 : INFO : Tweet Bitcoin pr ... 
2018-02-06 23:09:50,836 : INFO : Tweet RT @Remi_V ... 
2018-02-06 23:09:50,836 : INFO : Tweet Litecoin P ... 
2018-02-06 23:09:50,837 : INFO : Tweet RT @Remi_V ... 
2018-02-06 23:09:50,838 : INFO : Tweet Cardano Pr ... 
2018-02-06 23:09:50,838 : INFO : Tweet RT @Remi_V ... 
2018-02-06 23:09:50,839 : INFO : Tweet Status Pri ... 
2018-02-06 23:09:50,840 : INFO : Tweet Ripple Pri ... 
2018-02-06 23:09:50,841 : INFO : Tweet RT @gold_t ... 
2018-02-06 23:09:50,841 : INFO : Tweet RT @Remi_V ... 
2018-02-06 23:09:50,842 : INFO : Tweet Ethereum P ... 
2018-02-06 23:09:50,843 : INFO : Tweet RT @TheCoi ... 
2018-02-06 23:09:50,843 : INFO : Tweet RT @Metis_ ... 
2018-02-06 23:09:50,844 : INFO : Tweet Bitcoin Ca ... 
2018-02-06 23:09:50,845 : INFO : Tweet RT @Metis_ ... 
2018-02-06 23:09:50,846 : INFO : Tweet RT @Metis_ ... 
2018-02-06 23:09:50,847 : INFO : Tweet RT @Metis_ ... 
2018-02-06 23:09:50,848 : INFO : Tweet RT @Metis_ ... 
2018-02-06 23:09:50,849 : INFO : Tweet RT @TheCoi ... 
2018-02-06 23:09:50,850 : INFO : Tweet $WAVES loo ... 
2018-02-06 23:09:50,851 : INFO : Tweet RT @WePowe ... 
2018-02-06 23:09:50,852 : INFO : Tweet RT @appics ... 
2018-02-06 23:09:50,853 : INFO : Tweet RT @TheCoi ... 
2018-02-06 23:09:50,854 : INFO : Tweet RT @TheCoi ... 
2018-02-06 23:09:50,855 : INFO : Tweet RT @TheCoi ... 
2018-02-06 23:09:50,856 : INFO : Tweet RT @TheCoi ... 
2018-02-06 23:09:50,856 : INFO : Tweet RT @TheCoi ... 
2018-02-06 23:09:50,857 : INFO : Tweet #Bitcoin's ... 
2018-02-06 23:09:50,858 : INFO : Tweet Bitcoin Pr ... 
2018-02-06 23:09:50,859 : INFO : Tweet #Bitcoin # ... 
2018-02-06 23:09:50,859 : INFO : Tweet What Is #B ... 
2018-02-06 23:09:50,860 : INFO : Tweet "Bitcoin P ... 
2018-02-06 23:09:50,861 : INFO : Tweet Retweets k ... 
2018-02-06 23:09:50,861 : INFO : Tweet Bitcoin pr ... 
2018-02-06 23:09:50,862 : INFO : Tweet Bitcoin pr ... 
2018-02-06 23:09:50,863 : INFO : Tweet RT @TheCoi ... 
2018-02-06 23:09:50,863 : INFO : Tweet https://t. ... 
2018-02-06 23:09:50,864 : INFO : Tweet RT @TheCoi ... 
2018-02-06 23:09:50,865 : INFO : Tweet RT @Remi_V ... 
2018-02-06 23:09:50,865 : INFO : Tweet Bitcoin Pr ... 
2018-02-06 23:09:50,866 : INFO : Tweet #Bitcoin P ... 
2018-02-06 23:09:50,867 : INFO : Tweet RT @emmahe ... 
2018-02-06 23:09:50,867 : INFO : Tweet BCH/BTC 1. ... 
2018-02-06 23:09:50,868 : INFO : Tweet Every coin ... 
2018-02-06 23:09:50,869 : INFO : Tweet RT @TheCoi ... 
2018-02-06 23:09:50,870 : INFO : Tweet RT @TheCoi ... 
2018-02-06 23:09:50,870 : INFO : Tweet RT @TheCoi ... 
2018-02-06 23:09:50,871 : INFO : Tweet RT @Crypto ... 
2018-02-06 23:09:50,872 : INFO : Tweet RT @TheCoi ... 
2018-02-06 23:09:50,872 : INFO : Tweet Bitcoin Pr ... 
2018-02-06 23:09:50,873 : INFO : Tweet $XLM $IOTA ... 
2018-02-06 23:09:50,874 : INFO : Tweet Bitcoin Pr ... 
2018-02-06 23:09:50,877 : DEBUG : == Collecting Reddit new at 18-02-06 23:09:48 ==
