2018-02-06 23:04:38,514 : DEBUG : == Collecting new Tweets at 18-02-06 23:04:38 ==
2018-02-06 23:04:38,515 : DEBUG : == Writing tweets ==
2018-02-06 23:04:41,293 : INFO : Tweet Next days  ... 
2018-02-06 23:04:41,379 : INFO : Tweet #Blockchai ... 
2018-02-06 23:04:41,380 : INFO : Tweet RT @creamc ... 
2018-02-06 23:04:41,381 : INFO : Tweet RT @creamc ... 
2018-02-06 23:04:41,382 : INFO : Tweet RT @creamc ... 
2018-02-06 23:04:41,383 : INFO : Tweet RT @TheCoi ... 
2018-02-06 23:04:41,384 : INFO : Tweet RT @TheCoi ... 
2018-02-06 23:04:41,385 : INFO : Tweet RT @TheCoi ... 
2018-02-06 23:04:41,386 : INFO : Tweet RT @creamc ... 
2018-02-06 23:04:41,387 : INFO : Tweet #ADT call  ... 
2018-02-06 23:04:41,389 : INFO : Tweet RT @creamc ... 
2018-02-06 23:04:41,390 : INFO : Tweet CREAMJACK  ... 
2018-02-06 23:04:41,391 : INFO : Tweet Bitcoin's  ... 
2018-02-06 23:04:41,391 : INFO : Tweet RT @TheCoi ... 
2018-02-06 23:04:41,392 : INFO : Tweet Bobby Lees ... 
2018-02-06 23:04:41,393 : INFO : Tweet RT @TheCoi ... 
2018-02-06 23:04:41,394 : INFO : Tweet Litecoin P ... 
2018-02-06 23:04:41,394 : INFO : Tweet You can fi ... 
2018-02-06 23:04:41,395 : INFO : Tweet RT @TheCoi ... 
2018-02-06 23:04:41,396 : INFO : Tweet RT @TheCoi ... 
2018-02-06 23:04:41,397 : INFO : Tweet RT @TheCoi ... 
2018-02-06 23:04:41,397 : INFO : Tweet RT @TheCoi ... 
2018-02-06 23:04:41,398 : INFO : Tweet RT @TheCoi ... 
2018-02-06 23:04:41,399 : INFO : Tweet RT @TheCoi ... 
2018-02-06 23:04:41,400 : INFO : Tweet Venture ca ... 
2018-02-06 23:04:41,400 : INFO : Tweet Bitcoin pr ... 
2018-02-06 23:04:41,401 : INFO : Tweet Why I thin ... 
2018-02-06 23:04:41,402 : INFO : Tweet Why I thin ... 
2018-02-06 23:04:41,402 : INFO : Tweet RT @uscryp ... 
2018-02-06 23:04:41,403 : INFO : Tweet RT @Remi_V ... 
2018-02-06 23:04:41,404 : INFO : Tweet RT @Remi_V ... 
2018-02-06 23:04:41,405 : INFO : Tweet Bitcoin Pr ... 
2018-02-06 23:04:41,405 : INFO : Tweet RT @Metis_ ... 
2018-02-06 23:04:41,406 : INFO : Tweet Litecoin p ... 
2018-02-06 23:04:41,407 : INFO : Tweet #Gridcoin  ... 
2018-02-06 23:04:41,407 : INFO : Tweet Bitcoin Pr ... 
2018-02-06 23:04:41,408 : INFO : Tweet RT @Remi_V ... 
2018-02-06 23:04:41,409 : INFO : Tweet Bitcoin pr ... 
2018-02-06 23:04:41,409 : INFO : Tweet RT @Remi_V ... 
2018-02-06 23:04:41,410 : INFO : Tweet Litecoin P ... 
2018-02-06 23:04:41,411 : INFO : Tweet RT @Remi_V ... 
2018-02-06 23:04:41,411 : INFO : Tweet Cardano Pr ... 
2018-02-06 23:04:41,412 : INFO : Tweet RT @Remi_V ... 
2018-02-06 23:04:41,413 : INFO : Tweet Status Pri ... 
2018-02-06 23:04:41,413 : INFO : Tweet Ripple Pri ... 
2018-02-06 23:04:41,414 : INFO : Tweet RT @gold_t ... 
2018-02-06 23:04:41,415 : INFO : Tweet RT @Remi_V ... 
2018-02-06 23:04:41,415 : INFO : Tweet Ethereum P ... 
2018-02-06 23:04:41,416 : INFO : Tweet RT @TheCoi ... 
2018-02-06 23:04:41,417 : INFO : Tweet RT @Metis_ ... 
2018-02-06 23:04:41,417 : INFO : Tweet Bitcoin Ca ... 
2018-02-06 23:04:41,418 : INFO : Tweet RT @Metis_ ... 
2018-02-06 23:04:41,419 : INFO : Tweet RT @Metis_ ... 
2018-02-06 23:04:41,420 : INFO : Tweet RT @Metis_ ... 
2018-02-06 23:04:41,420 : INFO : Tweet RT @Metis_ ... 
2018-02-06 23:04:41,421 : INFO : Tweet RT @TheCoi ... 
2018-02-06 23:04:41,422 : INFO : Tweet $WAVES loo ... 
2018-02-06 23:04:41,423 : INFO : Tweet RT @WePowe ... 
2018-02-06 23:04:41,423 : INFO : Tweet RT @appics ... 
2018-02-06 23:04:41,424 : INFO : Tweet RT @TheCoi ... 
2018-02-06 23:04:41,425 : INFO : Tweet RT @TheCoi ... 
2018-02-06 23:04:41,425 : INFO : Tweet RT @TheCoi ... 
2018-02-06 23:04:41,426 : INFO : Tweet RT @TheCoi ... 
2018-02-06 23:04:41,427 : INFO : Tweet RT @TheCoi ... 
2018-02-06 23:04:41,428 : INFO : Tweet #Bitcoin's ... 
2018-02-06 23:04:41,428 : INFO : Tweet Bitcoin Pr ... 
2018-02-06 23:04:41,429 : INFO : Tweet #Bitcoin # ... 
2018-02-06 23:04:41,430 : INFO : Tweet What Is #B ... 
2018-02-06 23:04:41,431 : INFO : Tweet "Bitcoin P ... 
2018-02-06 23:04:41,431 : INFO : Tweet Retweets k ... 
2018-02-06 23:04:41,432 : INFO : Tweet Bitcoin pr ... 
2018-02-06 23:04:41,433 : INFO : Tweet Bitcoin pr ... 
2018-02-06 23:04:41,434 : INFO : Tweet RT @TheCoi ... 
2018-02-06 23:04:41,435 : INFO : Tweet https://t. ... 
2018-02-06 23:04:41,435 : INFO : Tweet RT @TheCoi ... 
2018-02-06 23:04:41,436 : INFO : Tweet RT @Remi_V ... 
2018-02-06 23:04:41,437 : INFO : Tweet Bitcoin Pr ... 
2018-02-06 23:04:41,437 : INFO : Tweet #Bitcoin P ... 
2018-02-06 23:04:41,438 : INFO : Tweet RT @emmahe ... 
2018-02-06 23:04:41,439 : INFO : Tweet BCH/BTC 1. ... 
2018-02-06 23:04:41,440 : INFO : Tweet Every coin ... 
2018-02-06 23:04:41,440 : INFO : Tweet RT @TheCoi ... 
2018-02-06 23:04:41,441 : INFO : Tweet RT @TheCoi ... 
2018-02-06 23:04:41,442 : INFO : Tweet RT @TheCoi ... 
2018-02-06 23:04:41,442 : INFO : Tweet RT @Crypto ... 
2018-02-06 23:04:41,443 : INFO : Tweet RT @TheCoi ... 
2018-02-06 23:04:41,444 : INFO : Tweet Bitcoin Pr ... 
2018-02-06 23:04:41,444 : INFO : Tweet $XLM $IOTA ... 
2018-02-06 23:04:41,445 : INFO : Tweet Bitcoin Pr ... 
2018-02-06 23:04:41,446 : INFO : Tweet Bitcoin's  ... 
2018-02-06 23:04:41,446 : INFO : Tweet RT @kuriha ... 
2018-02-06 23:04:41,447 : INFO : Tweet Making bet ... 
2018-02-06 23:04:41,448 : INFO : Tweet RT @TheCoi ... 
2018-02-06 23:04:41,451 : DEBUG : == Collecting Reddit new at 18-02-06 23:04:38 ==
