2018-02-06 14:51:52,028 : INFO : Collecting new Tweets at 18-02-06 14:51:52 ...
2018-02-06 14:51:52,728 : INFO : Writing tweets ...
2018-02-06 14:51:52,728 : INFO : Tweet Bitcoin Pr ... 
2018-02-06 14:51:52,818 : INFO : Tweet RT @TheCoi ... 
2018-02-06 14:51:52,819 : INFO : Tweet RT @UrkoKu ... 
2018-02-06 14:51:52,820 : INFO : Tweet RT @UrkoKu ... 
2018-02-06 14:51:52,821 : INFO : Tweet @Viberate_ ... 
2018-02-06 14:51:52,822 : INFO : Tweet $IOTA $BTC ... 
2018-02-06 14:51:52,822 : INFO : Tweet $poe $BTC  ... 
2018-02-06 14:51:52,823 : INFO : Tweet RT @crypto ... 
2018-02-06 14:51:52,824 : INFO : Tweet $BTC $ETH  ... 
2018-02-06 14:51:52,825 : INFO : Tweet RT @TheCoi ... 
2018-02-06 14:51:52,826 : INFO : Tweet Status Pri ... 
2018-02-06 14:51:52,826 : INFO : Tweet Bitcoin pr ... 
2018-02-06 14:51:52,827 : INFO : Tweet Ethereum C ... 
2018-02-06 14:51:52,828 : INFO : Tweet RT @Crypto ... 
2018-02-06 14:51:52,829 : INFO : Tweet Bitcoin pr ... 
2018-02-06 14:51:52,829 : INFO : Tweet Bitcoin Pr ... 
2018-02-06 14:51:52,830 : INFO : Tweet Check. #Bi ... 
2018-02-06 14:51:52,831 : INFO : Tweet WCN Live S ... 
2018-02-06 14:51:52,832 : INFO : Tweet RT @Bitrac ... 
2018-02-06 14:51:52,832 : INFO : Tweet RT @crypto ... 
2018-02-06 14:51:52,833 : INFO : Tweet RT @crypto ... 
2018-02-06 14:51:52,834 : INFO : Tweet RT @Bitrac ... 
2018-02-06 14:51:52,835 : INFO : Tweet RT @Bitrac ... 
2018-02-06 14:51:52,836 : INFO : Tweet More Bulli ... 
2018-02-06 14:51:52,836 : INFO : Tweet RT @crypto ... 
2018-02-06 14:51:52,837 : INFO : Tweet RT @btc_up ... 
2018-02-06 14:51:52,838 : INFO : Tweet Ripple Pri ... 
2018-02-06 14:51:52,839 : INFO : Tweet Bitcoin pr ... 
2018-02-06 14:51:52,840 : INFO : Tweet RT @XVGDol ... 
2018-02-06 14:51:52,841 : INFO : Tweet Bitcoin Pr ... 
2018-02-06 14:51:52,842 : INFO : Tweet When was t ... 
2018-02-06 14:51:52,842 : INFO : Tweet As 2011 en ... 
2018-02-06 14:51:52,843 : INFO : Tweet The Bitcoi ... 
2018-02-06 14:51:52,844 : INFO : Tweet RT @Ripple ... 
2018-02-06 14:51:52,844 : INFO : Tweet RT @Crypto ... 
2018-02-06 14:51:52,845 : INFO : Tweet Ripple pri ... 
2018-02-06 14:51:52,846 : INFO : Tweet Ripple pri ... 
2018-02-06 14:51:52,847 : INFO : Tweet Ripple pri ... 
2018-02-06 14:51:52,847 : INFO : Tweet Bitcoin Pr ... 
2018-02-06 14:51:52,848 : INFO : Tweet Check out  ... 
2018-02-06 14:51:52,849 : INFO : Tweet Ethereum P ... 
2018-02-06 14:51:52,849 : INFO : Tweet RT @Bitrac ... 
2018-02-06 14:51:52,850 : INFO : Tweet Bitcoin is ... 
2018-02-06 14:51:52,851 : INFO : Tweet Bitcoin Ca ... 
2018-02-06 14:51:52,851 : INFO : Tweet RT @Bitrac ... 
2018-02-06 14:51:52,852 : INFO : Tweet RT @crypto ... 
2018-02-06 14:51:52,853 : INFO : Tweet #Bitcoin i ... 
2018-02-06 14:51:52,854 : INFO : Tweet Gifto( @gi ... 
2018-02-06 14:51:52,854 : INFO : Tweet RT @Bitrac ... 
2018-02-06 14:51:52,855 : INFO : Tweet RT @mclynd ... 
2018-02-06 14:51:52,856 : INFO : Tweet #Bitcoin # ... 
2018-02-06 14:51:52,857 : INFO : Tweet #bitcoin h ... 
2018-02-06 14:51:52,858 : INFO : Tweet #Bitcoin P ... 
2018-02-06 14:51:52,858 : INFO : Tweet Bitcoin's  ... 
2018-02-06 14:51:52,859 : INFO : Tweet Bitcoin Pr ... 
2018-02-06 14:51:52,860 : INFO : Tweet Bitcoin's  ... 
2018-02-06 14:51:52,861 : INFO : Tweet Bitcoin Pr ... 
2018-02-06 14:51:52,862 : INFO : Tweet Bitcoin Ca ... 
2018-02-06 14:51:52,862 : INFO : Tweet RT @uscryp ... 
2018-02-06 14:51:52,863 : INFO : Tweet RT @Remi_V ... 
2018-02-06 14:51:52,864 : INFO : Tweet RT @uscryp ... 
2018-02-06 14:51:52,865 : INFO : Tweet RT @Remi_V ... 
2018-02-06 14:51:52,865 : INFO : Tweet Bitcoin Pr ... 
2018-02-06 14:51:52,866 : INFO : Tweet RT @uscryp ... 
2018-02-06 14:51:52,867 : INFO : Tweet *FACEBOOK  ... 
2018-02-06 14:51:52,868 : INFO : Tweet Calvin Ayr ... 
2018-02-06 14:51:52,868 : INFO : Tweet Bitcoin's  ... 
2018-02-06 14:51:52,869 : INFO : Tweet Study Find ... 
2018-02-06 14:51:52,869 : INFO : Tweet RT @Krypto ... 
2018-02-06 14:51:52,870 : INFO : Tweet Study Find ... 
2018-02-06 14:51:52,871 : INFO : Tweet Bitcoin Pr ... 
2018-02-06 14:51:52,872 : INFO : Tweet @CryptoMir ... 
2018-02-06 14:51:52,872 : INFO : Tweet RT @Krypto ... 
2018-02-06 14:51:52,873 : INFO : Tweet RT @Crypto ... 
2018-02-06 14:51:52,874 : INFO : Tweet RT @abusa1 ... 
2018-02-06 14:51:52,874 : INFO : Tweet $html #HTM ... 
2018-02-06 14:51:52,875 : INFO : Tweet Bitcoi Pri ... 
