2018-02-06 14:53:45,787 : INFO : == Collecting new Tweets at 18-02-06 14:53:45 ==
2018-02-06 14:53:47,309 : INFO : == Writing tweets ==
2018-02-06 14:53:47,310 : INFO : Tweet RT @BMToda ... 
2018-02-06 14:53:47,400 : INFO : Tweet RT @BMToda ... 
2018-02-06 14:53:47,401 : INFO : Tweet Bitcoin Pr ... 
2018-02-06 14:53:47,402 : INFO : Tweet RT @TheCoi ... 
2018-02-06 14:53:47,403 : INFO : Tweet RT @UrkoKu ... 
2018-02-06 14:53:47,404 : INFO : Tweet RT @UrkoKu ... 
2018-02-06 14:53:47,404 : INFO : Tweet @Viberate_ ... 
2018-02-06 14:53:47,405 : INFO : Tweet $IOTA $BTC ... 
2018-02-06 14:53:47,406 : INFO : Tweet $poe $BTC  ... 
2018-02-06 14:53:47,407 : INFO : Tweet RT @crypto ... 
2018-02-06 14:53:47,408 : INFO : Tweet $BTC $ETH  ... 
2018-02-06 14:53:47,409 : INFO : Tweet RT @TheCoi ... 
2018-02-06 14:53:47,409 : INFO : Tweet Status Pri ... 
2018-02-06 14:53:47,410 : INFO : Tweet Bitcoin pr ... 
2018-02-06 14:53:47,411 : INFO : Tweet Ethereum C ... 
2018-02-06 14:53:47,412 : INFO : Tweet RT @Crypto ... 
2018-02-06 14:53:47,413 : INFO : Tweet Bitcoin pr ... 
2018-02-06 14:53:47,414 : INFO : Tweet Bitcoin Pr ... 
2018-02-06 14:53:47,414 : INFO : Tweet Check. #Bi ... 
2018-02-06 14:53:47,415 : INFO : Tweet WCN Live S ... 
2018-02-06 14:53:47,416 : INFO : Tweet RT @Bitrac ... 
2018-02-06 14:53:47,417 : INFO : Tweet RT @crypto ... 
2018-02-06 14:53:47,418 : INFO : Tweet RT @crypto ... 
2018-02-06 14:53:47,418 : INFO : Tweet RT @Bitrac ... 
2018-02-06 14:53:47,419 : INFO : Tweet RT @Bitrac ... 
2018-02-06 14:53:47,420 : INFO : Tweet More Bulli ... 
2018-02-06 14:53:47,421 : INFO : Tweet RT @crypto ... 
2018-02-06 14:53:47,421 : INFO : Tweet RT @btc_up ... 
2018-02-06 14:53:47,422 : INFO : Tweet Ripple Pri ... 
2018-02-06 14:53:47,423 : INFO : Tweet Bitcoin pr ... 
2018-02-06 14:53:47,424 : INFO : Tweet RT @XVGDol ... 
2018-02-06 14:53:47,424 : INFO : Tweet Bitcoin Pr ... 
2018-02-06 14:53:47,425 : INFO : Tweet When was t ... 
2018-02-06 14:53:47,426 : INFO : Tweet As 2011 en ... 
2018-02-06 14:53:47,427 : INFO : Tweet The Bitcoi ... 
2018-02-06 14:53:47,428 : INFO : Tweet RT @Ripple ... 
2018-02-06 14:53:47,428 : INFO : Tweet RT @Crypto ... 
2018-02-06 14:53:47,429 : INFO : Tweet Ripple pri ... 
2018-02-06 14:53:47,430 : INFO : Tweet Ripple pri ... 
2018-02-06 14:53:47,431 : INFO : Tweet Ripple pri ... 
2018-02-06 14:53:47,431 : INFO : Tweet Bitcoin Pr ... 
2018-02-06 14:53:47,432 : INFO : Tweet Check out  ... 
2018-02-06 14:53:47,433 : INFO : Tweet Ethereum P ... 
2018-02-06 14:53:47,433 : INFO : Tweet RT @Bitrac ... 
2018-02-06 14:53:47,434 : INFO : Tweet Bitcoin is ... 
2018-02-06 14:53:47,435 : INFO : Tweet Bitcoin Ca ... 
2018-02-06 14:53:47,435 : INFO : Tweet RT @Bitrac ... 
2018-02-06 14:53:47,436 : INFO : Tweet RT @crypto ... 
2018-02-06 14:53:47,437 : INFO : Tweet #Bitcoin i ... 
2018-02-06 14:53:47,438 : INFO : Tweet Gifto( @gi ... 
2018-02-06 14:53:47,438 : INFO : Tweet RT @Bitrac ... 
2018-02-06 14:53:47,439 : INFO : Tweet RT @mclynd ... 
2018-02-06 14:53:47,440 : INFO : Tweet #Bitcoin # ... 
2018-02-06 14:53:47,441 : INFO : Tweet #bitcoin h ... 
2018-02-06 14:53:47,441 : INFO : Tweet #Bitcoin P ... 
2018-02-06 14:53:47,442 : INFO : Tweet Bitcoin's  ... 
2018-02-06 14:53:47,443 : INFO : Tweet Bitcoin Pr ... 
2018-02-06 14:53:47,444 : INFO : Tweet Bitcoin's  ... 
2018-02-06 14:53:47,444 : INFO : Tweet Bitcoin Pr ... 
2018-02-06 14:53:47,445 : INFO : Tweet Bitcoin Ca ... 
2018-02-06 14:53:47,446 : INFO : Tweet RT @uscryp ... 
2018-02-06 14:53:47,447 : INFO : Tweet RT @Remi_V ... 
2018-02-06 14:53:47,448 : INFO : Tweet RT @uscryp ... 
2018-02-06 14:53:47,449 : INFO : Tweet RT @Remi_V ... 
2018-02-06 14:53:47,450 : INFO : Tweet Bitcoin Pr ... 
2018-02-06 14:53:47,450 : INFO : Tweet RT @uscryp ... 
2018-02-06 14:53:47,451 : INFO : Tweet *FACEBOOK  ... 
2018-02-06 14:53:47,452 : INFO : Tweet Calvin Ayr ... 
2018-02-06 14:53:47,452 : INFO : Tweet Bitcoin's  ... 
2018-02-06 14:53:47,453 : INFO : Tweet Study Find ... 
2018-02-06 14:53:47,454 : INFO : Tweet RT @Krypto ... 
2018-02-06 14:53:47,455 : INFO : Tweet Study Find ... 
2018-02-06 14:53:47,455 : INFO : Tweet Bitcoin Pr ... 
2018-02-06 14:53:47,456 : INFO : Tweet @CryptoMir ... 
2018-02-06 14:53:47,457 : INFO : Tweet RT @Krypto ... 
2018-02-06 14:53:47,457 : INFO : Tweet RT @Crypto ... 
2018-02-06 14:56:47,463 : INFO : == Collecting new Tweets at 18-02-06 14:56:47 ==
2018-02-06 14:56:48,298 : INFO : == Writing tweets ==
2018-02-06 14:56:48,298 : INFO : Tweet Ethereum P ... 
2018-02-06 14:56:48,299 : INFO : Tweet RT @BMToda ... 
2018-02-06 14:56:48,300 : INFO : Tweet RT @BMToda ... 
2018-02-06 14:56:48,301 : INFO : Tweet Bitcoin Pr ... 
2018-02-06 14:56:48,302 : INFO : Tweet RT @TheCoi ... 
2018-02-06 14:56:48,302 : INFO : Tweet RT @UrkoKu ... 
2018-02-06 14:56:48,303 : INFO : Tweet RT @UrkoKu ... 
2018-02-06 14:56:48,304 : INFO : Tweet @Viberate_ ... 
2018-02-06 14:56:48,305 : INFO : Tweet $IOTA $BTC ... 
2018-02-06 14:56:48,306 : INFO : Tweet $poe $BTC  ... 
2018-02-06 14:56:48,307 : INFO : Tweet RT @crypto ... 
2018-02-06 14:56:48,308 : INFO : Tweet $BTC $ETH  ... 
2018-02-06 14:56:48,308 : INFO : Tweet RT @TheCoi ... 
2018-02-06 14:56:48,309 : INFO : Tweet Status Pri ... 
2018-02-06 14:56:48,310 : INFO : Tweet Bitcoin pr ... 
2018-02-06 14:56:48,311 : INFO : Tweet Ethereum C ... 
2018-02-06 14:56:48,312 : INFO : Tweet RT @Crypto ... 
2018-02-06 14:56:48,313 : INFO : Tweet Bitcoin pr ... 
2018-02-06 14:56:48,313 : INFO : Tweet Bitcoin Pr ... 
2018-02-06 14:56:48,314 : INFO : Tweet Check. #Bi ... 
2018-02-06 14:56:48,315 : INFO : Tweet WCN Live S ... 
2018-02-06 14:56:48,316 : INFO : Tweet RT @Bitrac ... 
2018-02-06 14:56:48,316 : INFO : Tweet RT @crypto ... 
2018-02-06 14:56:48,317 : INFO : Tweet RT @crypto ... 
2018-02-06 14:56:48,318 : INFO : Tweet RT @Bitrac ... 
2018-02-06 14:56:48,319 : INFO : Tweet RT @Bitrac ... 
2018-02-06 14:56:48,320 : INFO : Tweet More Bulli ... 
2018-02-06 14:56:48,320 : INFO : Tweet RT @crypto ... 
2018-02-06 14:56:48,321 : INFO : Tweet RT @btc_up ... 
2018-02-06 14:56:48,322 : INFO : Tweet Ripple Pri ... 
2018-02-06 14:56:48,323 : INFO : Tweet Bitcoin pr ... 
2018-02-06 14:56:48,323 : INFO : Tweet RT @XVGDol ... 
2018-02-06 14:56:48,324 : INFO : Tweet Bitcoin Pr ... 
2018-02-06 14:56:48,325 : INFO : Tweet When was t ... 
2018-02-06 14:56:48,326 : INFO : Tweet As 2011 en ... 
2018-02-06 14:56:48,327 : INFO : Tweet The Bitcoi ... 
2018-02-06 14:56:48,327 : INFO : Tweet RT @Ripple ... 
2018-02-06 14:56:48,328 : INFO : Tweet RT @Crypto ... 
2018-02-06 14:56:48,329 : INFO : Tweet Ripple pri ... 
2018-02-06 14:56:48,330 : INFO : Tweet Ripple pri ... 
2018-02-06 14:56:48,331 : INFO : Tweet Ripple pri ... 
2018-02-06 14:56:48,331 : INFO : Tweet Bitcoin Pr ... 
2018-02-06 14:56:48,332 : INFO : Tweet Check out  ... 
2018-02-06 14:56:48,333 : INFO : Tweet Ethereum P ... 
2018-02-06 14:56:48,334 : INFO : Tweet RT @Bitrac ... 
2018-02-06 14:56:48,334 : INFO : Tweet Bitcoin is ... 
2018-02-06 14:56:48,335 : INFO : Tweet Bitcoin Ca ... 
2018-02-06 14:56:48,336 : INFO : Tweet RT @Bitrac ... 
2018-02-06 14:56:48,337 : INFO : Tweet RT @crypto ... 
2018-02-06 14:56:48,338 : INFO : Tweet #Bitcoin i ... 
2018-02-06 14:56:48,338 : INFO : Tweet Gifto( @gi ... 
2018-02-06 14:56:48,339 : INFO : Tweet RT @Bitrac ... 
2018-02-06 14:56:48,340 : INFO : Tweet RT @mclynd ... 
2018-02-06 14:56:48,341 : INFO : Tweet #Bitcoin # ... 
2018-02-06 14:56:48,341 : INFO : Tweet #bitcoin h ... 
2018-02-06 14:56:48,342 : INFO : Tweet #Bitcoin P ... 
2018-02-06 14:56:48,343 : INFO : Tweet Bitcoin's  ... 
2018-02-06 14:56:48,343 : INFO : Tweet Bitcoin Pr ... 
2018-02-06 14:56:48,344 : INFO : Tweet Bitcoin's  ... 
2018-02-06 14:56:48,345 : INFO : Tweet Bitcoin Pr ... 
2018-02-06 14:56:48,346 : INFO : Tweet Bitcoin Ca ... 
2018-02-06 14:56:48,346 : INFO : Tweet RT @uscryp ... 
2018-02-06 14:56:48,347 : INFO : Tweet RT @Remi_V ... 
2018-02-06 14:56:48,349 : INFO : Tweet RT @uscryp ... 
2018-02-06 14:56:48,350 : INFO : Tweet RT @Remi_V ... 
2018-02-06 14:56:48,351 : INFO : Tweet Bitcoin Pr ... 
2018-02-06 14:56:48,351 : INFO : Tweet RT @uscryp ... 
2018-02-06 14:56:48,352 : INFO : Tweet *FACEBOOK  ... 
2018-02-06 14:56:48,353 : INFO : Tweet Calvin Ayr ... 
2018-02-06 14:56:48,353 : INFO : Tweet Bitcoin's  ... 
2018-02-06 14:56:48,354 : INFO : Tweet Study Find ... 
2018-02-06 14:56:48,355 : INFO : Tweet RT @Krypto ... 
2018-02-06 14:56:48,355 : INFO : Tweet Study Find ... 
2018-02-06 14:56:48,356 : INFO : Tweet Bitcoin Pr ... 
2018-02-06 14:56:48,357 : INFO : Tweet @CryptoMir ... 
2018-02-06 14:59:48,363 : INFO : == Collecting new Tweets at 18-02-06 14:59:48 ==
2018-02-06 14:59:49,920 : INFO : == Writing tweets ==
2018-02-06 14:59:49,920 : INFO : Tweet RT @Remi_V ... 
2018-02-06 14:59:49,921 : INFO : Tweet Making bet ... 
2018-02-06 14:59:49,922 : INFO : Tweet RT @BMToda ... 
2018-02-06 14:59:49,922 : INFO : Tweet Ethereum P ... 
2018-02-06 14:59:49,923 : INFO : Tweet RT @BMToda ... 
2018-02-06 14:59:49,924 : INFO : Tweet RT @BMToda ... 
2018-02-06 14:59:49,925 : INFO : Tweet Bitcoin Pr ... 
2018-02-06 14:59:49,926 : INFO : Tweet RT @TheCoi ... 
2018-02-06 14:59:49,927 : INFO : Tweet RT @UrkoKu ... 
2018-02-06 14:59:49,928 : INFO : Tweet RT @UrkoKu ... 
2018-02-06 14:59:49,928 : INFO : Tweet @Viberate_ ... 
2018-02-06 14:59:49,929 : INFO : Tweet $IOTA $BTC ... 
2018-02-06 14:59:49,930 : INFO : Tweet $poe $BTC  ... 
2018-02-06 14:59:49,931 : INFO : Tweet RT @crypto ... 
2018-02-06 14:59:49,932 : INFO : Tweet $BTC $ETH  ... 
2018-02-06 14:59:49,933 : INFO : Tweet RT @TheCoi ... 
2018-02-06 14:59:49,933 : INFO : Tweet Status Pri ... 
2018-02-06 14:59:49,934 : INFO : Tweet Bitcoin pr ... 
2018-02-06 14:59:49,935 : INFO : Tweet Ethereum C ... 
2018-02-06 14:59:49,936 : INFO : Tweet RT @Crypto ... 
2018-02-06 14:59:49,937 : INFO : Tweet Bitcoin pr ... 
2018-02-06 14:59:49,937 : INFO : Tweet Bitcoin Pr ... 
2018-02-06 14:59:49,938 : INFO : Tweet Check. #Bi ... 
2018-02-06 14:59:49,939 : INFO : Tweet WCN Live S ... 
2018-02-06 14:59:49,940 : INFO : Tweet RT @Bitrac ... 
2018-02-06 14:59:49,940 : INFO : Tweet RT @crypto ... 
2018-02-06 14:59:49,941 : INFO : Tweet RT @crypto ... 
2018-02-06 14:59:49,942 : INFO : Tweet RT @Bitrac ... 
2018-02-06 14:59:49,943 : INFO : Tweet RT @Bitrac ... 
2018-02-06 14:59:49,943 : INFO : Tweet More Bulli ... 
2018-02-06 14:59:49,944 : INFO : Tweet RT @crypto ... 
2018-02-06 14:59:49,945 : INFO : Tweet RT @btc_up ... 
2018-02-06 14:59:49,946 : INFO : Tweet Ripple Pri ... 
2018-02-06 14:59:49,946 : INFO : Tweet Bitcoin pr ... 
2018-02-06 14:59:49,947 : INFO : Tweet RT @XVGDol ... 
2018-02-06 14:59:49,948 : INFO : Tweet Bitcoin Pr ... 
2018-02-06 14:59:49,949 : INFO : Tweet When was t ... 
2018-02-06 14:59:49,949 : INFO : Tweet As 2011 en ... 
2018-02-06 14:59:49,950 : INFO : Tweet The Bitcoi ... 
2018-02-06 14:59:49,951 : INFO : Tweet RT @Ripple ... 
2018-02-06 14:59:49,952 : INFO : Tweet RT @Crypto ... 
2018-02-06 14:59:49,952 : INFO : Tweet Ripple pri ... 
2018-02-06 14:59:49,953 : INFO : Tweet Ripple pri ... 
2018-02-06 14:59:49,954 : INFO : Tweet Ripple pri ... 
2018-02-06 14:59:49,954 : INFO : Tweet Bitcoin Pr ... 
2018-02-06 14:59:49,955 : INFO : Tweet Check out  ... 
2018-02-06 14:59:49,956 : INFO : Tweet Ethereum P ... 
2018-02-06 14:59:49,956 : INFO : Tweet RT @Bitrac ... 
2018-02-06 14:59:49,957 : INFO : Tweet Bitcoin is ... 
2018-02-06 14:59:49,958 : INFO : Tweet Bitcoin Ca ... 
2018-02-06 14:59:49,958 : INFO : Tweet RT @Bitrac ... 
2018-02-06 14:59:49,959 : INFO : Tweet RT @crypto ... 
2018-02-06 14:59:49,960 : INFO : Tweet #Bitcoin i ... 
2018-02-06 14:59:49,961 : INFO : Tweet Gifto( @gi ... 
2018-02-06 14:59:49,961 : INFO : Tweet RT @Bitrac ... 
2018-02-06 14:59:49,962 : INFO : Tweet RT @mclynd ... 
2018-02-06 14:59:49,963 : INFO : Tweet #Bitcoin # ... 
2018-02-06 14:59:49,963 : INFO : Tweet #bitcoin h ... 
2018-02-06 14:59:49,964 : INFO : Tweet #Bitcoin P ... 
2018-02-06 14:59:49,965 : INFO : Tweet Bitcoin's  ... 
2018-02-06 14:59:49,966 : INFO : Tweet Bitcoin Pr ... 
2018-02-06 14:59:49,966 : INFO : Tweet Bitcoin's  ... 
2018-02-06 14:59:49,967 : INFO : Tweet Bitcoin Pr ... 
2018-02-06 14:59:49,968 : INFO : Tweet Bitcoin Ca ... 
2018-02-06 14:59:49,968 : INFO : Tweet RT @uscryp ... 
2018-02-06 14:59:49,969 : INFO : Tweet RT @Remi_V ... 
2018-02-06 14:59:49,969 : INFO : Tweet RT @uscryp ... 
2018-02-06 14:59:49,970 : INFO : Tweet RT @Remi_V ... 
2018-02-06 14:59:49,971 : INFO : Tweet Bitcoin Pr ... 
2018-02-06 14:59:49,972 : INFO : Tweet RT @uscryp ... 
2018-02-06 14:59:49,972 : INFO : Tweet *FACEBOOK  ... 
2018-02-06 14:59:49,973 : INFO : Tweet Calvin Ayr ... 
2018-02-06 14:59:49,974 : INFO : Tweet Study Find ... 
2018-02-06 14:59:49,974 : INFO : Tweet RT @Krypto ... 
2018-02-06 14:59:49,975 : INFO : Tweet Study Find ... 
2018-02-06 14:59:49,975 : INFO : Tweet Bitcoin Pr ... 
2018-02-06 15:02:49,980 : INFO : == Collecting new Tweets at 18-02-06 15:02:49 ==
2018-02-06 15:02:52,163 : INFO : == Writing tweets ==
2018-02-06 15:02:52,164 : INFO : Tweet Bitcoins P ... 
2018-02-06 15:02:52,165 : INFO : Tweet RT @Remi_V ... 
2018-02-06 15:02:52,165 : INFO : Tweet Making bet ... 
2018-02-06 15:02:52,166 : INFO : Tweet RT @BMToda ... 
2018-02-06 15:02:52,167 : INFO : Tweet Ethereum P ... 
2018-02-06 15:02:52,168 : INFO : Tweet RT @BMToda ... 
2018-02-06 15:02:52,169 : INFO : Tweet RT @BMToda ... 
2018-02-06 15:02:52,171 : INFO : Tweet Bitcoin Pr ... 
2018-02-06 15:02:52,172 : INFO : Tweet RT @TheCoi ... 
2018-02-06 15:02:52,172 : INFO : Tweet RT @UrkoKu ... 
2018-02-06 15:02:52,173 : INFO : Tweet RT @UrkoKu ... 
2018-02-06 15:02:52,174 : INFO : Tweet @Viberate_ ... 
2018-02-06 15:02:52,175 : INFO : Tweet $IOTA $BTC ... 
2018-02-06 15:02:52,176 : INFO : Tweet $poe $BTC  ... 
2018-02-06 15:02:52,177 : INFO : Tweet RT @crypto ... 
2018-02-06 15:02:52,177 : INFO : Tweet $BTC $ETH  ... 
2018-02-06 15:02:52,178 : INFO : Tweet RT @TheCoi ... 
2018-02-06 15:02:52,179 : INFO : Tweet Status Pri ... 
2018-02-06 15:02:52,180 : INFO : Tweet Bitcoin pr ... 
2018-02-06 15:02:52,181 : INFO : Tweet Ethereum C ... 
2018-02-06 15:02:52,181 : INFO : Tweet RT @Crypto ... 
2018-02-06 15:02:52,182 : INFO : Tweet Bitcoin pr ... 
2018-02-06 15:02:52,183 : INFO : Tweet Bitcoin Pr ... 
2018-02-06 15:02:52,184 : INFO : Tweet Check. #Bi ... 
2018-02-06 15:02:52,185 : INFO : Tweet WCN Live S ... 
2018-02-06 15:02:52,185 : INFO : Tweet RT @Bitrac ... 
2018-02-06 15:02:52,186 : INFO : Tweet RT @crypto ... 
2018-02-06 15:02:52,187 : INFO : Tweet RT @crypto ... 
2018-02-06 15:02:52,188 : INFO : Tweet RT @Bitrac ... 
2018-02-06 15:02:52,189 : INFO : Tweet RT @Bitrac ... 
2018-02-06 15:02:52,190 : INFO : Tweet More Bulli ... 
2018-02-06 15:02:52,191 : INFO : Tweet RT @crypto ... 
2018-02-06 15:02:52,191 : INFO : Tweet RT @btc_up ... 
2018-02-06 15:02:52,192 : INFO : Tweet Ripple Pri ... 
2018-02-06 15:02:52,193 : INFO : Tweet Bitcoin pr ... 
2018-02-06 15:02:52,194 : INFO : Tweet RT @XVGDol ... 
2018-02-06 15:02:52,195 : INFO : Tweet Bitcoin Pr ... 
2018-02-06 15:02:52,195 : INFO : Tweet When was t ... 
2018-02-06 15:02:52,196 : INFO : Tweet As 2011 en ... 
2018-02-06 15:02:52,197 : INFO : Tweet The Bitcoi ... 
2018-02-06 15:02:52,198 : INFO : Tweet RT @Ripple ... 
2018-02-06 15:02:52,199 : INFO : Tweet RT @Crypto ... 
2018-02-06 15:02:52,200 : INFO : Tweet Ripple pri ... 
2018-02-06 15:02:52,200 : INFO : Tweet Ripple pri ... 
2018-02-06 15:02:52,201 : INFO : Tweet Ripple pri ... 
2018-02-06 15:02:52,202 : INFO : Tweet Bitcoin Pr ... 
2018-02-06 15:02:52,203 : INFO : Tweet Check out  ... 
2018-02-06 15:02:52,204 : INFO : Tweet Ethereum P ... 
2018-02-06 15:02:52,204 : INFO : Tweet RT @Bitrac ... 
2018-02-06 15:02:52,205 : INFO : Tweet Bitcoin is ... 
2018-02-06 15:02:52,206 : INFO : Tweet Bitcoin Ca ... 
2018-02-06 15:02:52,206 : INFO : Tweet RT @Bitrac ... 
2018-02-06 15:02:52,207 : INFO : Tweet RT @crypto ... 
2018-02-06 15:02:52,208 : INFO : Tweet #Bitcoin i ... 
2018-02-06 15:02:52,209 : INFO : Tweet Gifto( @gi ... 
2018-02-06 15:02:52,210 : INFO : Tweet RT @Bitrac ... 
2018-02-06 15:02:52,211 : INFO : Tweet RT @mclynd ... 
2018-02-06 15:02:52,211 : INFO : Tweet #Bitcoin # ... 
2018-02-06 15:02:52,212 : INFO : Tweet #bitcoin h ... 
2018-02-06 15:02:52,213 : INFO : Tweet #Bitcoin P ... 
2018-02-06 15:02:52,214 : INFO : Tweet Bitcoin's  ... 
2018-02-06 15:02:52,214 : INFO : Tweet Bitcoin Pr ... 
2018-02-06 15:02:52,215 : INFO : Tweet Bitcoin's  ... 
2018-02-06 15:02:52,216 : INFO : Tweet Bitcoin Pr ... 
2018-02-06 15:02:52,216 : INFO : Tweet Bitcoin Ca ... 
2018-02-06 15:02:52,217 : INFO : Tweet RT @uscryp ... 
2018-02-06 15:02:52,218 : INFO : Tweet RT @Remi_V ... 
2018-02-06 15:02:52,219 : INFO : Tweet RT @uscryp ... 
2018-02-06 15:02:52,220 : INFO : Tweet RT @Remi_V ... 
2018-02-06 15:02:52,220 : INFO : Tweet Bitcoin Pr ... 
2018-02-06 15:02:52,221 : INFO : Tweet RT @uscryp ... 
2018-02-06 15:02:52,222 : INFO : Tweet *FACEBOOK  ... 
2018-02-06 15:02:52,222 : INFO : Tweet Calvin Ayr ... 
2018-02-06 15:02:52,223 : INFO : Tweet Study Find ... 
2018-02-06 15:02:52,224 : INFO : Tweet RT @Krypto ... 
2018-02-06 15:02:52,224 : INFO : Tweet Study Find ... 
